<?xml version="1.0" encoding="UTF-8"?>
<coverage generated="1787212829156" clover="3.2.0">
  <project timestamp="1787212829156" name="All files">
    <metrics statements="42" coveredstatements="42" conditionals="3" coveredconditionals="3" methods="9" coveredmethods="9" elements="54" coveredelements="54" complexity="0" loc="42" ncloc="42" packages="3" files="3" classes="3"/>
    <package name="decimals">
      <metrics statements="12" coveredstatements="12" conditionals="2" coveredconditionals="2" methods="2" coveredmethods="2"/>
      <file name="index.ts" path="C:\Users\lunox\Documents\anchorcctp-sdk\packages\core\src\decimals\index.ts">
        <metrics statements="12" coveredstatements="12" conditionals="2" coveredconditionals="2" methods="2" coveredmethods="2"/>
        <line num="1" count="3" type="stmt"/>
        <line num="14" count="3" type="stmt"/>
        <line num="15" count="4" type="cond" truecount="1" falsecount="0"/>
        <line num="16" count="2" type="stmt"/>
        <line num="19" count="2" type="stmt"/>
        <line num="20" count="2" type="stmt"/>
        <line num="30" count="3" type="stmt"/>
        <line num="31" count="5" type="cond" truecount="1" falsecount="0"/>
        <line num="32" count="2" type="stmt"/>
        <line num="35" count="3" type="stmt"/>
        <line num="36" count="3" type="stmt"/>
        <line num="38" count="3" type="stmt"/>
      </file>
    </package>
    <package name="domains">
      <metrics statements="8" coveredstatements="8" conditionals="1" coveredconditionals="1" methods="2" coveredmethods="2"/>
      <file name="index.ts" path="C:\Users\lunox\Documents\anchorcctp-sdk\packages\core\src\domains\index.ts">
        <metrics statements="8" coveredstatements="8" conditionals="1" coveredconditionals="1" methods="2" coveredmethods="2"/>
        <line num="1" count="3" type="stmt"/>
        <line num="13" count="3" type="stmt"/>
        <line num="27" count="3" type="stmt"/>
        <line num="28" count="5" type="stmt"/>
        <line num="34" count="3" type="stmt"/>
        <line num="35" count="2" type="cond" truecount="1" falsecount="0"/>
        <line num="36" count="1" type="stmt"/>
        <line num="38" count="1" type="stmt"/>
      </file>
    </package>
    <package name="errors">
      <metrics statements="22" coveredstatements="22" conditionals="0" coveredconditionals="0" methods="5" coveredmethods="5"/>
      <file name="index.ts" path="C:\Users\lunox\Documents\anchorcctp-sdk\packages\core\src\errors\index.ts">
        <metrics statements="22" coveredstatements="22" conditionals="0" coveredconditionals="0" methods="5" coveredmethods="5"/>
        <line num="4" count="3" type="stmt"/>
        <line num="9" count="9" type="stmt"/>
        <line num="10" count="9" type="stmt"/>
        <line num="17" count="3" type="stmt"/>
        <line num="18" count="2" type="stmt"/>
        <line num="19" count="2" type="stmt"/>
        <line num="21" count="2" type="stmt"/>
        <line num="22" count="2" type="stmt"/>
        <line num="29" count="3" type="stmt"/>
        <line num="30" count="5" type="stmt"/>
        <line num="31" count="5" type="stmt"/>
        <line num="34" count="5" type="stmt"/>
        <line num="41" count="3" type="stmt"/>
        <line num="42" count="1" type="stmt"/>
        <line num="43" count="1" type="stmt"/>
        <line num="45" count="1" type="stmt"/>
        <line num="46" count="1" type="stmt"/>
        <line num="53" count="3" type="stmt"/>
        <line num="54" count="1" type="stmt"/>
        <line num="55" count="1" type="stmt"/>
        <line num="57" count="1" type="stmt"/>
        <line num="58" count="1" type="stmt"/>
      </file>
    </package>
  </project>
</coverage>
