<?xml version="1.0" encoding="UTF-8"?>
<coverage generated="1787566392646" clover="3.2.0">
  <project timestamp="1787566392647" name="All files">
    <metrics statements="266" coveredstatements="262" conditionals="134" coveredconditionals="124" methods="55" coveredmethods="53" elements="455" coveredelements="439" complexity="0" loc="266" ncloc="266" packages="10" files="11" classes="11"/>
    <package name="src">
      <metrics statements="71" coveredstatements="68" conditionals="45" coveredconditionals="43" methods="12" coveredmethods="10"/>
      <file name="config.ts" path="C:\Users\lunox\Documents\anchorcctp-sdk\packages\core\src\config.ts">
        <metrics statements="26" coveredstatements="26" conditionals="11" coveredconditionals="11" methods="7" coveredmethods="7"/>
        <line num="1" count="6" type="stmt"/>
        <line num="2" count="6" type="stmt"/>
        <line num="3" count="6" type="stmt"/>
        <line num="10" count="6" type="stmt"/>
        <line num="11" count="6" type="stmt"/>
        <line num="41" count="18" type="cond" truecount="3" falsecount="0"/>
        <line num="47" count="6" type="stmt"/>
        <line num="49" count="18" type="cond" truecount="2" falsecount="0"/>
        <line num="50" count="1" type="stmt"/>
        <line num="51" count="17" type="cond" truecount="2" falsecount="0"/>
        <line num="52" count="2" type="stmt"/>
        <line num="53" count="4" type="stmt"/>
        <line num="55" count="15" type="stmt"/>
        <line num="58" count="18" type="stmt"/>
        <line num="67" count="18" type="cond" truecount="2" falsecount="0"/>
        <line num="68" count="18" type="stmt"/>
        <line num="70" count="18" type="stmt"/>
        <line num="81" count="18" type="stmt"/>
        <line num="83" count="18" type="stmt"/>
        <line num="86" count="7" type="stmt"/>
        <line num="87" count="7" type="stmt"/>
        <line num="90" count="1" type="stmt"/>
        <line num="91" count="1" type="stmt"/>
        <line num="94" count="1" type="stmt"/>
        <line num="95" count="1" type="stmt"/>
        <line num="99" count="18" type="stmt"/>
      </file>
      <file name="receive.ts" path="C:\Users\lunox\Documents\anchorcctp-sdk\packages\core\src\receive.ts">
        <metrics statements="45" coveredstatements="42" conditionals="34" coveredconditionals="32" methods="5" coveredmethods="3"/>
        <line num="1" count="6" type="stmt"/>
        <line num="2" count="6" type="stmt"/>
        <line num="3" count="6" type="stmt"/>
        <line num="4" count="6" type="stmt"/>
        <line num="9" count="6" type="stmt"/>
        <line num="57" count="6" type="stmt"/>
        <line num="66" count="18" type="stmt"/>
        <line num="69" count="18" type="stmt"/>
        <line num="72" count="16" type="cond" truecount="3" falsecount="0"/>
        <line num="73" count="5" type="stmt"/>
        <line num="77" count="11" type="stmt"/>
        <line num="78" count="11" type="cond" truecount="1" falsecount="0"/>
        <line num="79" count="2" type="stmt"/>
        <line num="83" count="9" type="stmt"/>
        <line num="86" count="9" type="stmt"/>
        <line num="89" count="9" type="cond" truecount="2" falsecount="0"/>
        <line num="90" count="8" type="stmt"/>
        <line num="91" count="8" type="stmt"/>
        <line num="100" count="1" type="stmt"/>
        <line num="103" count="0" type="stmt"/>
        <line num="115" count="9" type="stmt"/>
        <line num="119" count="9" type="cond" truecount="3" falsecount="0"/>
        <line num="120" count="2" type="stmt"/>
        <line num="121" count="2" type="stmt"/>
        <line num="122" count="2" type="stmt"/>
        <line num="124" count="2" type="stmt"/>
        <line num="125" count="2" type="stmt"/>
        <line num="130" count="7" type="cond" truecount="3" falsecount="0"/>
        <line num="133" count="7" type="cond" truecount="2" falsecount="0"/>
        <line num="136" count="7" type="cond" truecount="3" falsecount="0"/>
        <line num="138" count="1" type="stmt"/>
        <line num="140" count="7" type="stmt"/>
        <line num="146" count="6" type="stmt"/>
        <line num="149" count="0" type="stmt"/>
        <line num="153" count="7" type="stmt"/>
        <line num="163" count="7" type="stmt"/>
        <line num="166" count="7" type="cond" truecount="3" falsecount="0"/>
        <line num="171" count="7" type="stmt"/>
        <line num="172" count="7" type="stmt"/>
        <line num="181" count="7" type="cond" truecount="0" falsecount="1"/>
        <line num="182" count="0" type="stmt"/>
        <line num="190" count="7" type="stmt"/>
        <line num="199" count="7" type="stmt"/>
        <line num="201" count="7" type="stmt"/>
        <line num="207" count="7" type="stmt"/>
      </file>
    </package>
    <package name="src.attestation">
      <metrics statements="45" coveredstatements="45" conditionals="40" coveredconditionals="35" methods="7" coveredmethods="7"/>
      <file name="index.ts" path="C:\Users\lunox\Documents\anchorcctp-sdk\packages\core\src\attestation\index.ts">
        <metrics statements="45" coveredstatements="45" conditionals="40" coveredconditionals="35" methods="7" coveredmethods="7"/>
        <line num="1" count="8" type="stmt"/>
        <line num="2" count="8" type="stmt"/>
        <line num="23" count="28" type="cond" truecount="3" falsecount="0"/>
        <line num="27" count="3" type="stmt"/>
        <line num="33" count="8" type="stmt"/>
        <line num="42" count="28" type="stmt"/>
        <line num="47" count="28" type="cond" truecount="3" falsecount="1"/>
        <line num="48" count="28" type="cond" truecount="2" falsecount="0"/>
        <line num="49" count="28" type="cond" truecount="2" falsecount="0"/>
        <line num="50" count="28" type="cond" truecount="2" falsecount="0"/>
        <line num="52" count="28" type="cond" truecount="2" falsecount="0"/>
        <line num="53" count="19" type="stmt"/>
        <line num="54" count="9" type="cond" truecount="2" falsecount="0"/>
        <line num="55" count="7" type="stmt"/>
        <line num="56" count="14" type="stmt"/>
        <line num="58" count="2" type="stmt"/>
        <line num="66" count="14" type="cond" truecount="5" falsecount="0"/>
        <line num="67" count="3" type="stmt"/>
        <line num="69" count="11" type="stmt"/>
        <line num="70" count="11" type="stmt"/>
        <line num="71" count="11" type="cond" truecount="2" falsecount="0"/>
        <line num="82" count="9" type="stmt"/>
        <line num="83" count="9" type="stmt"/>
        <line num="84" count="9" type="stmt"/>
        <line num="86" count="9" type="stmt"/>
        <line num="87" count="12" type="stmt"/>
        <line num="88" count="12" type="stmt"/>
        <line num="90" count="12" type="stmt"/>
        <line num="91" count="12" type="stmt"/>
        <line num="95" count="12" type="cond" truecount="1" falsecount="0"/>
        <line num="96" count="11" type="stmt"/>
        <line num="103" count="11" type="cond" truecount="1" falsecount="0"/>
        <line num="104" count="8" type="cond" truecount="2" falsecount="1"/>
        <line num="105" count="8" type="cond" truecount="1" falsecount="1"/>
        <line num="106" count="8" type="cond" truecount="1" falsecount="2"/>
        <line num="108" count="8" type="stmt"/>
        <line num="114" count="8" type="stmt"/>
        <line num="128" count="4" type="stmt"/>
        <line num="130" count="4" type="cond" truecount="1" falsecount="0"/>
        <line num="131" count="1" type="stmt"/>
        <line num="134" count="3" type="stmt"/>
        <line num="138" count="3" type="stmt"/>
        <line num="141" count="1" type="stmt"/>
        <line num="142" count="1" type="stmt"/>
        <line num="148" count="1" type="stmt"/>
      </file>
    </package>
    <package name="src.decimals">
      <metrics statements="12" coveredstatements="12" conditionals="2" coveredconditionals="2" methods="2" coveredmethods="2"/>
      <file name="index.ts" path="C:\Users\lunox\Documents\anchorcctp-sdk\packages\core\src\decimals\index.ts">
        <metrics statements="12" coveredstatements="12" conditionals="2" coveredconditionals="2" methods="2" coveredmethods="2"/>
        <line num="1" count="6" type="stmt"/>
        <line num="14" count="6" type="stmt"/>
        <line num="15" count="11" type="cond" truecount="1" falsecount="0"/>
        <line num="16" count="2" type="stmt"/>
        <line num="19" count="9" type="stmt"/>
        <line num="20" count="9" type="stmt"/>
        <line num="30" count="6" type="stmt"/>
        <line num="31" count="5" type="cond" truecount="1" falsecount="0"/>
        <line num="32" count="2" type="stmt"/>
        <line num="35" count="3" type="stmt"/>
        <line num="36" count="3" type="stmt"/>
        <line num="38" count="3" type="stmt"/>
      </file>
    </package>
    <package name="src.domains">
      <metrics statements="10" coveredstatements="10" conditionals="1" coveredconditionals="1" methods="3" coveredmethods="3"/>
      <file name="index.ts" path="C:\Users\lunox\Documents\anchorcctp-sdk\packages\core\src\domains\index.ts">
        <metrics statements="10" coveredstatements="10" conditionals="1" coveredconditionals="1" methods="3" coveredmethods="3"/>
        <line num="1" count="6" type="stmt"/>
        <line num="13" count="6" type="stmt"/>
        <line num="45" count="6" type="stmt"/>
        <line num="46" count="23" type="stmt"/>
        <line num="52" count="6" type="stmt"/>
        <line num="53" count="22" type="cond" truecount="1" falsecount="0"/>
        <line num="54" count="4" type="stmt"/>
        <line num="56" count="18" type="stmt"/>
        <line num="62" count="6" type="stmt"/>
        <line num="63" count="3" type="stmt"/>
      </file>
    </package>
    <package name="src.errors">
      <metrics statements="37" coveredstatements="37" conditionals="4" coveredconditionals="4" methods="8" coveredmethods="8"/>
      <file name="index.ts" path="C:\Users\lunox\Documents\anchorcctp-sdk\packages\core\src\errors\index.ts">
        <metrics statements="37" coveredstatements="37" conditionals="4" coveredconditionals="4" methods="8" coveredmethods="8"/>
        <line num="4" count="10" type="stmt"/>
        <line num="9" count="32" type="stmt"/>
        <line num="10" count="32" type="stmt"/>
        <line num="17" count="10" type="stmt"/>
        <line num="18" count="5" type="stmt"/>
        <line num="19" count="5" type="stmt"/>
        <line num="21" count="5" type="stmt"/>
        <line num="22" count="5" type="stmt"/>
        <line num="29" count="10" type="stmt"/>
        <line num="30" count="10" type="stmt"/>
        <line num="31" count="10" type="stmt"/>
        <line num="34" count="10" type="stmt"/>
        <line num="41" count="10" type="stmt"/>
        <line num="42" count="2" type="stmt"/>
        <line num="43" count="2" type="stmt"/>
        <line num="45" count="2" type="stmt"/>
        <line num="46" count="2" type="stmt"/>
        <line num="53" count="10" type="stmt"/>
        <line num="54" count="2" type="stmt"/>
        <line num="55" count="2" type="stmt"/>
        <line num="57" count="2" type="stmt"/>
        <line num="58" count="2" type="stmt"/>
        <line num="65" count="10" type="stmt"/>
        <line num="66" count="3" type="stmt"/>
        <line num="67" count="3" type="stmt"/>
        <line num="69" count="3" type="stmt"/>
        <line num="70" count="3" type="cond" truecount="2" falsecount="0"/>
        <line num="77" count="10" type="stmt"/>
        <line num="78" count="5" type="stmt"/>
        <line num="79" count="5" type="stmt"/>
        <line num="81" count="5" type="stmt"/>
        <line num="82" count="5" type="cond" truecount="2" falsecount="0"/>
        <line num="89" count="10" type="stmt"/>
        <line num="90" count="3" type="stmt"/>
        <line num="91" count="3" type="stmt"/>
        <line num="93" count="3" type="stmt"/>
        <line num="94" count="3" type="stmt"/>
      </file>
    </package>
    <package name="src.events">
      <metrics statements="12" coveredstatements="12" conditionals="0" coveredconditionals="0" methods="5" coveredmethods="5"/>
      <file name="index.ts" path="C:\Users\lunox\Documents\anchorcctp-sdk\packages\core\src\events\index.ts">
        <metrics statements="12" coveredstatements="12" conditionals="0" coveredconditionals="0" methods="5" coveredmethods="5"/>
        <line num="1" count="7" type="stmt"/>
        <line num="51" count="7" type="stmt"/>
        <line num="52" count="21" type="stmt"/>
        <line num="54" count="21" type="stmt"/>
        <line num="56" count="11" type="stmt"/>
        <line num="57" count="11" type="stmt"/>
        <line num="60" count="2" type="stmt"/>
        <line num="61" count="2" type="stmt"/>
        <line num="64" count="2" type="stmt"/>
        <line num="65" count="2" type="stmt"/>
        <line num="68" count="16" type="stmt"/>
        <line num="72" count="21" type="stmt"/>
      </file>
    </package>
    <package name="src.forwarder">
      <metrics statements="24" coveredstatements="23" conditionals="15" coveredconditionals="13" methods="2" coveredmethods="2"/>
      <file name="index.ts" path="C:\Users\lunox\Documents\anchorcctp-sdk\packages\core\src\forwarder\index.ts">
        <metrics statements="24" coveredstatements="23" conditionals="15" coveredconditionals="13" methods="2" coveredmethods="2"/>
        <line num="1" count="7" type="stmt"/>
        <line num="2" count="7" type="stmt"/>
        <line num="19" count="7" type="stmt"/>
        <line num="20" count="14" type="cond" truecount="1" falsecount="0"/>
        <line num="21" count="1" type="stmt"/>
        <line num="24" count="13" type="stmt"/>
        <line num="27" count="13" type="cond" truecount="1" falsecount="0"/>
        <line num="28" count="10" type="stmt"/>
        <line num="31" count="3" type="cond" truecount="4" falsecount="0"/>
        <line num="36" count="3" type="cond" truecount="1" falsecount="0"/>
        <line num="37" count="1" type="stmt"/>
        <line num="40" count="3" type="cond" truecount="3" falsecount="0"/>
        <line num="41" count="1" type="stmt"/>
        <line num="44" count="2" type="stmt"/>
        <line num="45" count="2" type="cond" truecount="0" falsecount="1"/>
        <line num="46" count="0" type="stmt"/>
        <line num="49" count="2" type="stmt"/>
        <line num="55" count="7" type="stmt"/>
        <line num="59" count="10" type="stmt"/>
        <line num="61" count="10" type="stmt"/>
        <line num="71" count="10" type="stmt"/>
        <line num="72" count="9" type="stmt"/>
        <line num="76" count="1" type="cond" truecount="1" falsecount="1"/>
        <line num="77" count="1" type="stmt"/>
      </file>
    </package>
    <package name="src.logger">
      <metrics statements="28" coveredstatements="28" conditionals="11" coveredconditionals="11" methods="8" coveredmethods="8"/>
      <file name="index.ts" path="C:\Users\lunox\Documents\anchorcctp-sdk\packages\core\src\logger\index.ts">
        <metrics statements="28" coveredstatements="28" conditionals="11" coveredconditionals="11" methods="8" coveredmethods="8"/>
        <line num="12" count="9" type="stmt"/>
        <line num="15" count="111" type="cond" truecount="3" falsecount="0"/>
        <line num="16" count="2" type="stmt"/>
        <line num="18" count="109" type="cond" truecount="1" falsecount="0"/>
        <line num="19" count="3" type="cond" truecount="1" falsecount="0"/>
        <line num="20" count="1" type="stmt"/>
        <line num="22" count="2" type="stmt"/>
        <line num="23" count="2" type="stmt"/>
        <line num="24" count="4" type="cond" truecount="2" falsecount="0"/>
        <line num="25" count="2" type="stmt"/>
        <line num="27" count="2" type="stmt"/>
        <line num="30" count="2" type="stmt"/>
        <line num="32" count="106" type="stmt"/>
        <line num="36" count="18" type="stmt"/>
        <line num="43" count="9" type="cond" truecount="1" falsecount="0"/>
        <line num="44" count="32" type="stmt"/>
        <line num="45" count="43" type="stmt"/>
        <line num="52" count="43" type="cond" truecount="1" falsecount="0"/>
        <line num="53" count="41" type="stmt"/>
        <line num="54" count="115" type="cond" truecount="2" falsecount="0"/>
        <line num="55" count="9" type="stmt"/>
        <line num="57" count="106" type="stmt"/>
        <line num="62" count="43" type="stmt"/>
        <line num="65" count="32" type="stmt"/>
        <line num="66" count="27" type="stmt"/>
        <line num="67" count="1" type="stmt"/>
        <line num="68" count="3" type="stmt"/>
        <line num="69" count="12" type="stmt"/>
      </file>
    </package>
    <package name="src.replay">
      <metrics statements="9" coveredstatements="9" conditionals="4" coveredconditionals="4" methods="7" coveredmethods="7"/>
      <file name="index.ts" path="C:\Users\lunox\Documents\anchorcctp-sdk\packages\core\src\replay\index.ts">
        <metrics statements="9" coveredstatements="9" conditionals="4" coveredconditionals="4" methods="7" coveredmethods="7"/>
        <line num="18" count="19" type="stmt"/>
        <line num="21" count="13" type="stmt"/>
        <line num="25" count="8" type="stmt"/>
        <line num="29" count="2" type="cond" truecount="2" falsecount="0"/>
        <line num="36" count="7" type="stmt"/>
        <line num="40" count="20" type="cond" truecount="2" falsecount="0"/>
        <line num="44" count="15" type="stmt"/>
        <line num="48" count="9" type="stmt"/>
        <line num="52" count="2" type="stmt"/>
      </file>
    </package>
    <package name="src.trustline">
      <metrics statements="18" coveredstatements="18" conditionals="12" coveredconditionals="11" methods="1" coveredmethods="1"/>
      <file name="index.ts" path="C:\Users\lunox\Documents\anchorcctp-sdk\packages\core\src\trustline\index.ts">
        <metrics statements="18" coveredstatements="18" conditionals="12" coveredconditionals="11" methods="1" coveredmethods="1"/>
        <line num="1" count="7" type="stmt"/>
        <line num="16" count="7" type="stmt"/>
        <line num="19" count="14" type="stmt"/>
        <line num="20" count="14" type="cond" truecount="1" falsecount="0"/>
        <line num="21" count="7" type="stmt"/>
        <line num="24" count="7" type="cond" truecount="1" falsecount="0"/>
        <line num="25" count="1" type="stmt"/>
        <line num="28" count="6" type="cond" truecount="2" falsecount="0"/>
        <line num="29" count="6" type="cond" truecount="3" falsecount="0"/>
        <line num="30" count="1" type="stmt"/>
        <line num="36" count="5" type="cond" truecount="1" falsecount="0"/>
        <line num="37" count="1" type="stmt"/>
        <line num="43" count="4" type="stmt"/>
        <line num="44" count="4" type="stmt"/>
        <line num="52" count="4" type="stmt"/>
        <line num="53" count="3" type="stmt"/>
        <line num="55" count="1" type="cond" truecount="1" falsecount="1"/>
        <line num="56" count="1" type="stmt"/>
      </file>
    </package>
  </project>
</coverage>
