{"C:\\Users\\lunox\\Documents\\anchorcctp-sdk\\packages\\core\\src\\decimals\\index.ts": {"path":"C:\\Users\\lunox\\Documents\\anchorcctp-sdk\\packages\\core\\src\\decimals\\index.ts","statementMap":{"0":{"start":{"line":14,"column":0},"end":{"line":14,"column":16}},"1":{"start":{"line":30,"column":0},"end":{"line":30,"column":16}},"2":{"start":{"line":1,"column":0},"end":{"line":1,"column":56}},"3":{"start":{"line":15,"column":2},"end":{"line":17,"column":3}},"4":{"start":{"line":16,"column":4},"end":{"line":16,"column":98}},"5":{"start":{"line":19,"column":24},"end":{"line":19,"column":45}},"6":{"start":{"line":20,"column":2},"end":{"line":23,"column":4}},"7":{"start":{"line":31,"column":2},"end":{"line":33,"column":3}},"8":{"start":{"line":32,"column":4},"end":{"line":32,"column":103}},"9":{"start":{"line":35,"column":21},"end":{"line":35,"column":47}},"10":{"start":{"line":36,"column":15},"end":{"line":36,"column":41}},"11":{"start":{"line":38,"column":2},"end":{"line":41,"column":4}}},"fnMap":{"0":{"name":"convert6to7","decl":{"start":{"line":14,"column":16},"end":{"line":14,"column":27}},"loc":{"start":{"line":14,"column":51},"end":{"line":24,"column":1}}},"1":{"name":"convert7to6","decl":{"start":{"line":30,"column":16},"end":{"line":30,"column":27}},"loc":{"start":{"line":30,"column":56},"end":{"line":42,"column":1}}}},"branchMap":{"0":{"loc":{"start":{"line":15,"column":2},"end":{"line":17,"column":3}},"type":"if","locations":[{"start":{"line":15,"column":2},"end":{"line":17,"column":3}}]},"1":{"loc":{"start":{"line":31,"column":2},"end":{"line":33,"column":3}},"type":"if","locations":[{"start":{"line":31,"column":2},"end":{"line":33,"column":3}}]}},"s":{"0":3,"1":3,"2":3,"3":4,"4":2,"5":2,"6":2,"7":5,"8":2,"9":3,"10":3,"11":3},"f":{"0":4,"1":5},"b":{"0":[2],"1":[2]}}
,"C:\\Users\\lunox\\Documents\\anchorcctp-sdk\\packages\\core\\src\\domains\\index.ts": {"path":"C:\\Users\\lunox\\Documents\\anchorcctp-sdk\\packages\\core\\src\\domains\\index.ts","statementMap":{"0":{"start":{"line":27,"column":0},"end":{"line":27,"column":16}},"1":{"start":{"line":34,"column":0},"end":{"line":34,"column":16}},"2":{"start":{"line":1,"column":0},"end":{"line":1,"column":56}},"3":{"start":{"line":13,"column":13},"end":{"line":22,"column":2}},"4":{"start":{"line":28,"column":2},"end":{"line":28,"column":34}},"5":{"start":{"line":35,"column":2},"end":{"line":37,"column":3}},"6":{"start":{"line":36,"column":4},"end":{"line":36,"column":43}},"7":{"start":{"line":38,"column":2},"end":{"line":38,"column":32}}},"fnMap":{"0":{"name":"isSupportedDomain","decl":{"start":{"line":27,"column":16},"end":{"line":27,"column":33}},"loc":{"start":{"line":27,"column":50},"end":{"line":29,"column":1}}},"1":{"name":"assertSupportedDomain","decl":{"start":{"line":34,"column":16},"end":{"line":34,"column":37}},"loc":{"start":{"line":34,"column":54},"end":{"line":39,"column":1}}}},"branchMap":{"0":{"loc":{"start":{"line":35,"column":2},"end":{"line":37,"column":3}},"type":"if","locations":[{"start":{"line":35,"column":2},"end":{"line":37,"column":3}}]}},"s":{"0":3,"1":3,"2":3,"3":3,"4":5,"5":2,"6":1,"7":1},"f":{"0":5,"1":2},"b":{"0":[1]}}
,"C:\\Users\\lunox\\Documents\\anchorcctp-sdk\\packages\\core\\src\\errors\\index.ts": {"path":"C:\\Users\\lunox\\Documents\\anchorcctp-sdk\\packages\\core\\src\\errors\\index.ts","statementMap":{"0":{"start":{"line":9,"column":4},"end":{"line":9,"column":19}},"1":{"start":{"line":10,"column":4},"end":{"line":10,"column":38}},"2":{"start":{"line":4,"column":0},"end":{"line":4,"column":22}},"3":{"start":{"line":18,"column":18},"end":{"line":18,"column":34}},"4":{"start":{"line":19,"column":25},"end":{"line":19,"column":110}},"5":{"start":{"line":22,"column":4},"end":{"line":22,"column":54}},"6":{"start":{"line":21,"column":30},"end":{"line":21,"column":46}},"7":{"start":{"line":17,"column":0},"end":{"line":17,"column":13}},"8":{"start":{"line":30,"column":18},"end":{"line":30,"column":34}},"9":{"start":{"line":31,"column":25},"end":{"line":31,"column":79}},"10":{"start":{"line":34,"column":4},"end":{"line":34,"column":19}},"11":{"start":{"line":29,"column":0},"end":{"line":29,"column":13}},"12":{"start":{"line":42,"column":18},"end":{"line":42,"column":39}},"13":{"start":{"line":43,"column":25},"end":{"line":43,"column":112}},"14":{"start":{"line":46,"column":4},"end":{"line":46,"column":99}},"15":{"start":{"line":45,"column":30},"end":{"line":45,"column":48}},"16":{"start":{"line":45,"column":66},"end":{"line":45,"column":87}},"17":{"start":{"line":41,"column":0},"end":{"line":41,"column":13}},"18":{"start":{"line":54,"column":18},"end":{"line":54,"column":37}},"19":{"start":{"line":55,"column":25},"end":{"line":55,"column":118}},"20":{"start":{"line":58,"column":4},"end":{"line":58,"column":71}},"21":{"start":{"line":57,"column":30},"end":{"line":57,"column":56}},"22":{"start":{"line":53,"column":0},"end":{"line":53,"column":13}}},"fnMap":{"0":{"name":"(anonymous_0)","decl":{"start":{"line":8,"column":2},"end":{"line":8,"column":14}},"loc":{"start":{"line":8,"column":29},"end":{"line":11,"column":3}}},"1":{"name":"(anonymous_1)","decl":{"start":{"line":21,"column":2},"end":{"line":21,"column":30}},"loc":{"start":{"line":21,"column":46},"end":{"line":23,"column":3}}},"2":{"name":"(anonymous_2)","decl":{"start":{"line":33,"column":2},"end":{"line":33,"column":14}},"loc":{"start":{"line":33,"column":29},"end":{"line":35,"column":3}}},"3":{"name":"(anonymous_3)","decl":{"start":{"line":45,"column":2},"end":{"line":45,"column":30}},"loc":{"start":{"line":45,"column":87},"end":{"line":47,"column":3}}},"4":{"name":"(anonymous_4)","decl":{"start":{"line":57,"column":2},"end":{"line":57,"column":30}},"loc":{"start":{"line":57,"column":56},"end":{"line":59,"column":3}}}},"branchMap":{},"s":{"0":9,"1":9,"2":3,"3":2,"4":2,"5":2,"6":2,"7":3,"8":5,"9":5,"10":5,"11":3,"12":1,"13":1,"14":1,"15":1,"16":1,"17":3,"18":1,"19":1,"20":1,"21":1,"22":3},"f":{"0":9,"1":2,"2":5,"3":1,"4":1},"b":{}}
}
