{"C:\\Users\\lunox\\Documents\\anchorcctp-sdk\\packages\\core\\src\\config.ts": {"path":"C:\\Users\\lunox\\Documents\\anchorcctp-sdk\\packages\\core\\src\\config.ts","statementMap":{"0":{"start":{"line":47,"column":0},"end":{"line":47,"column":16}},"1":{"start":{"line":1,"column":0},"end":{"line":1,"column":59}},"2":{"start":{"line":2,"column":0},"end":{"line":2,"column":48}},"3":{"start":{"line":3,"column":0},"end":{"line":3,"column":null}},"4":{"start":{"line":10,"column":0},"end":{"line":10,"column":57}},"5":{"start":{"line":11,"column":0},"end":{"line":11,"column":85}},"6":{"start":{"line":41,"column":2},"end":{"line":41,"column":66}},"7":{"start":{"line":49,"column":2},"end":{"line":56,"column":3}},"8":{"start":{"line":50,"column":4},"end":{"line":50,"column":27}},"9":{"start":{"line":51,"column":9},"end":{"line":56,"column":3}},"10":{"start":{"line":52,"column":17},"end":{"line":52,"column":30}},"11":{"start":{"line":53,"column":4},"end":{"line":53,"column":61}},"12":{"start":{"line":53,"column":50},"end":{"line":53,"column":59}},"13":{"start":{"line":55,"column":4},"end":{"line":55,"column":41}},"14":{"start":{"line":58,"column":28},"end":{"line":64,"column":4}},"15":{"start":{"line":67,"column":22},"end":{"line":67,"column":61}},"16":{"start":{"line":68,"column":42},"end":{"line":68,"column":62}},"17":{"start":{"line":70,"column":30},"end":{"line":79,"column":4}},"18":{"start":{"line":81,"column":29},"end":{"line":97,"column":4}},"19":{"start":{"line":83,"column":6},"end":{"line":83,"column":34}},"20":{"start":{"line":86,"column":6},"end":{"line":86,"column":33}},"21":{"start":{"line":87,"column":6},"end":{"line":87,"column":20}},"22":{"start":{"line":90,"column":6},"end":{"line":90,"column":35}},"23":{"start":{"line":91,"column":6},"end":{"line":91,"column":20}},"24":{"start":{"line":94,"column":6},"end":{"line":94,"column":34}},"25":{"start":{"line":95,"column":6},"end":{"line":95,"column":20}},"26":{"start":{"line":99,"column":2},"end":{"line":99,"column":16}}},"fnMap":{"0":{"name":"isLogger","decl":{"start":{"line":40,"column":9},"end":{"line":40,"column":17}},"loc":{"start":{"line":40,"column":30},"end":{"line":42,"column":1}}},"1":{"name":"createAnchorCCTP","decl":{"start":{"line":47,"column":16},"end":{"line":47,"column":32}},"loc":{"start":{"line":47,"column":57},"end":{"line":100,"column":1}}},"2":{"name":"(anonymous_2)","decl":{"start":{"line":53,"column":41},"end":{"line":53,"column":42}},"loc":{"start":{"line":53,"column":50},"end":{"line":53,"column":59}}},"3":{"name":"(anonymous_3)","decl":{"start":{"line":82,"column":4},"end":{"line":82,"column":9}},"loc":{"start":{"line":82,"column":39},"end":{"line":84,"column":5}}},"4":{"name":"(anonymous_4)","decl":{"start":{"line":85,"column":4},"end":{"line":85,"column":6}},"loc":{"start":{"line":85,"column":61},"end":{"line":88,"column":5}}},"5":{"name":"(anonymous_5)","decl":{"start":{"line":89,"column":4},"end":{"line":89,"column":8}},"loc":{"start":{"line":89,"column":63},"end":{"line":92,"column":5}}},"6":{"name":"(anonymous_6)","decl":{"start":{"line":93,"column":4},"end":{"line":93,"column":7}},"loc":{"start":{"line":93,"column":62},"end":{"line":96,"column":5}}}},"branchMap":{"0":{"loc":{"start":{"line":41,"column":9},"end":{"line":41,"column":65}},"type":"binary-expr","locations":[{"start":{"line":41,"column":9},"end":{"line":41,"column":32}},{"start":{"line":41,"column":36},"end":{"line":41,"column":48}},{"start":{"line":41,"column":52},"end":{"line":41,"column":65}}]},"1":{"loc":{"start":{"line":49,"column":2},"end":{"line":56,"column":3}},"type":"if","locations":[{"start":{"line":49,"column":2},"end":{"line":56,"column":3}},{"start":{"line":51,"column":9},"end":{"line":56,"column":3}}]},"2":{"loc":{"start":{"line":51,"column":9},"end":{"line":56,"column":3}},"type":"if","locations":[{"start":{"line":51,"column":9},"end":{"line":56,"column":3}},{"start":{"line":54,"column":9},"end":{"line":56,"column":3}}]},"3":{"loc":{"start":{"line":60,"column":15},"end":{"line":60,"column":67}},"type":"binary-expr","locations":[{"start":{"line":60,"column":15},"end":{"line":60,"column":31}},{"start":{"line":60,"column":36},"end":{"line":60,"column":67}}]},"4":{"loc":{"start":{"line":67,"column":22},"end":{"line":67,"column":61}},"type":"binary-expr","locations":[{"start":{"line":67,"column":22},"end":{"line":67,"column":40}},{"start":{"line":67,"column":44},"end":{"line":67,"column":61}}]}},"s":{"0":6,"1":6,"2":6,"3":6,"4":6,"5":6,"6":18,"7":18,"8":1,"9":17,"10":2,"11":2,"12":4,"13":15,"14":18,"15":18,"16":18,"17":18,"18":18,"19":18,"20":7,"21":7,"22":1,"23":1,"24":1,"25":1,"26":18},"f":{"0":18,"1":18,"2":4,"3":18,"4":7,"5":1,"6":1},"b":{"0":[18,1,1],"1":[1,17],"2":[2,15],"3":[18,16],"4":[18,18]}}
,"C:\\Users\\lunox\\Documents\\anchorcctp-sdk\\packages\\core\\src\\receive.ts": {"path":"C:\\Users\\lunox\\Documents\\anchorcctp-sdk\\packages\\core\\src\\receive.ts","statementMap":{"0":{"start":{"line":57,"column":0},"end":{"line":57,"column":7}},"1":{"start":{"line":1,"column":0},"end":{"line":1,"column":59}},"2":{"start":{"line":2,"column":0},"end":{"line":2,"column":86}},"3":{"start":{"line":3,"column":0},"end":{"line":3,"column":50}},"4":{"start":{"line":4,"column":0},"end":{"line":4,"column":55}},"5":{"start":{"line":9,"column":0},"end":{"line":9,"column":null}},"6":{"start":{"line":66,"column":6},"end":{"line":66,"column":12}},"7":{"start":{"line":69,"column":2},"end":{"line":69,"column":38}},"8":{"start":{"line":72,"column":2},"end":{"line":74,"column":3}},"9":{"start":{"line":73,"column":4},"end":{"line":73,"column":77}},"10":{"start":{"line":77,"column":29},"end":{"line":77,"column":74}},"11":{"start":{"line":78,"column":2},"end":{"line":80,"column":3}},"12":{"start":{"line":79,"column":4},"end":{"line":79,"column":46}},"13":{"start":{"line":83,"column":29},"end":{"line":83,"column":67}},"14":{"start":{"line":86,"column":2},"end":{"line":86,"column":85}},"15":{"start":{"line":89,"column":2},"end":{"line":112,"column":3}},"16":{"start":{"line":90,"column":20},"end":{"line":90,"column":59}},"17":{"start":{"line":91,"column":4},"end":{"line":98,"column":6}},"18":{"start":{"line":100,"column":4},"end":{"line":111,"column":6}},"19":{"start":{"line":103,"column":8},"end":{"line":109,"column":11}},"20":{"start":{"line":115,"column":21},"end":{"line":117,"column":null}},"21":{"start":{"line":119,"column":2},"end":{"line":126,"column":3}},"22":{"start":{"line":120,"column":18},"end":{"line":123,"column":76}},"23":{"start":{"line":121,"column":22},"end":{"line":121,"column":55}},"24":{"start":{"line":122,"column":29},"end":{"line":122,"column":82}},"25":{"start":{"line":124,"column":4},"end":{"line":124,"column":55}},"26":{"start":{"line":125,"column":4},"end":{"line":125,"column":16}},"27":{"start":{"line":130,"column":4},"end":{"line":132,"column":9}},"28":{"start":{"line":133,"column":19},"end":{"line":133,"column":74}},"29":{"start":{"line":136,"column":4},"end":{"line":138,"column":44}},"30":{"start":{"line":138,"column":28},"end":{"line":138,"column":43}},"31":{"start":{"line":140,"column":2},"end":{"line":150,"column":5}},"32":{"start":{"line":146,"column":19},"end":{"line":146,"column":23}},"33":{"start":{"line":149,"column":30},"end":{"line":149,"column":50}},"34":{"start":{"line":153,"column":21},"end":{"line":159,"column":null}},"35":{"start":{"line":163,"column":34},"end":{"line":163,"column":53}},"36":{"start":{"line":166,"column":4},"end":{"line":168,"column":22}},"37":{"start":{"line":171,"column":20},"end":{"line":171,"column":44}},"38":{"start":{"line":172,"column":2},"end":{"line":179,"column":5}},"39":{"start":{"line":181,"column":2},"end":{"line":187,"column":3}},"40":{"start":{"line":182,"column":4},"end":{"line":186,"column":7}},"41":{"start":{"line":190,"column":35},"end":{"line":198,"column":4}},"42":{"start":{"line":199,"column":2},"end":{"line":199,"column":58}},"43":{"start":{"line":201,"column":2},"end":{"line":205,"column":5}},"44":{"start":{"line":207,"column":2},"end":{"line":212,"column":4}}},"fnMap":{"0":{"name":"receive","decl":{"start":{"line":57,"column":22},"end":{"line":57,"column":29}},"loc":{"start":{"line":59,"column":21},"end":{"line":213,"column":1}}},"1":{"name":"(anonymous_1)","decl":{"start":{"line":102,"column":6},"end":{"line":102,"column":7}},"loc":{"start":{"line":102,"column":29},"end":{"line":110,"column":7}}},"2":{"name":"(anonymous_2)","decl":{"start":{"line":138,"column":5},"end":{"line":138,"column":10}},"loc":{"start":{"line":138,"column":28},"end":{"line":138,"column":43}}},"3":{"name":"(anonymous_3)","decl":{"start":{"line":146,"column":7},"end":{"line":146,"column":12}},"loc":{"start":{"line":146,"column":19},"end":{"line":146,"column":23}}},"4":{"name":"(anonymous_4)","decl":{"start":{"line":149,"column":7},"end":{"line":149,"column":12}},"loc":{"start":{"line":149,"column":30},"end":{"line":149,"column":50}}}},"branchMap":{"0":{"loc":{"start":{"line":65,"column":4},"end":{"line":65,"column":21}},"type":"default-arg","locations":[{"start":{"line":65,"column":13},"end":{"line":65,"column":21}}]},"1":{"loc":{"start":{"line":72,"column":2},"end":{"line":74,"column":3}},"type":"if","locations":[{"start":{"line":72,"column":2},"end":{"line":74,"column":3}}]},"2":{"loc":{"start":{"line":72,"column":6},"end":{"line":72,"column":48}},"type":"binary-expr","locations":[{"start":{"line":72,"column":6},"end":{"line":72,"column":32}},{"start":{"line":72,"column":36},"end":{"line":72,"column":48}}]},"3":{"loc":{"start":{"line":78,"column":2},"end":{"line":80,"column":3}},"type":"if","locations":[{"start":{"line":78,"column":2},"end":{"line":80,"column":3}}]},"4":{"loc":{"start":{"line":89,"column":2},"end":{"line":112,"column":3}},"type":"if","locations":[{"start":{"line":89,"column":2},"end":{"line":112,"column":3}},{"start":{"line":99,"column":9},"end":{"line":112,"column":3}}]},"5":{"loc":{"start":{"line":92,"column":14},"end":{"line":92,"column":49}},"type":"binary-expr","locations":[{"start":{"line":92,"column":14},"end":{"line":92,"column":35}},{"start":{"line":92,"column":39},"end":{"line":92,"column":49}}]},"6":{"loc":{"start":{"line":93,"column":19},"end":{"line":93,"column":54}},"type":"binary-expr","locations":[{"start":{"line":93,"column":19},"end":{"line":93,"column":38}},{"start":{"line":93,"column":42},"end":{"line":93,"column":54}}]},"7":{"loc":{"start":{"line":94,"column":15},"end":{"line":94,"column":46}},"type":"binary-expr","locations":[{"start":{"line":94,"column":15},"end":{"line":94,"column":30}},{"start":{"line":94,"column":34},"end":{"line":94,"column":46}}]},"8":{"loc":{"start":{"line":95,"column":17},"end":{"line":95,"column":50}},"type":"binary-expr","locations":[{"start":{"line":95,"column":17},"end":{"line":95,"column":34}},{"start":{"line":95,"column":38},"end":{"line":95,"column":50}}]},"9":{"loc":{"start":{"line":119,"column":2},"end":{"line":126,"column":3}},"type":"if","locations":[{"start":{"line":119,"column":2},"end":{"line":126,"column":3}}]},"10":{"loc":{"start":{"line":119,"column":6},"end":{"line":119,"column":52}},"type":"binary-expr","locations":[{"start":{"line":119,"column":6},"end":{"line":119,"column":17}},{"start":{"line":119,"column":21},"end":{"line":119,"column":52}}]},"11":{"loc":{"start":{"line":130,"column":4},"end":{"line":132,"column":9}},"type":"binary-expr","locations":[{"start":{"line":130,"column":4},"end":{"line":130,"column":33}},{"start":{"line":131,"column":4},"end":{"line":131,"column":39}},{"start":{"line":132,"column":4},"end":{"line":132,"column":9}}]},"12":{"loc":{"start":{"line":133,"column":19},"end":{"line":133,"column":74}},"type":"binary-expr","locations":[{"start":{"line":133,"column":19},"end":{"line":133,"column":37}},{"start":{"line":133,"column":41},"end":{"line":133,"column":74}}]},"13":{"loc":{"start":{"line":136,"column":4},"end":{"line":138,"column":44}},"type":"binary-expr","locations":[{"start":{"line":136,"column":4},"end":{"line":136,"column":17}},{"start":{"line":137,"column":4},"end":{"line":137,"column":21}},{"start":{"line":138,"column":5},"end":{"line":138,"column":43}}]},"14":{"loc":{"start":{"line":145,"column":6},"end":{"line":146,"column":24}},"type":"binary-expr","locations":[{"start":{"line":145,"column":6},"end":{"line":145,"column":29}},{"start":{"line":146,"column":7},"end":{"line":146,"column":23}}]},"15":{"loc":{"start":{"line":148,"column":6},"end":{"line":149,"column":51}},"type":"binary-expr","locations":[{"start":{"line":148,"column":6},"end":{"line":148,"column":32}},{"start":{"line":149,"column":7},"end":{"line":149,"column":50}}]},"16":{"loc":{"start":{"line":166,"column":4},"end":{"line":168,"column":22}},"type":"binary-expr","locations":[{"start":{"line":166,"column":4},"end":{"line":166,"column":31}},{"start":{"line":167,"column":4},"end":{"line":167,"column":28}},{"start":{"line":168,"column":4},"end":{"line":168,"column":22}}]},"17":{"loc":{"start":{"line":181,"column":2},"end":{"line":187,"column":3}},"type":"if","locations":[{"start":{"line":181,"column":2},"end":{"line":187,"column":3}}]}},"s":{"0":6,"1":6,"2":6,"3":6,"4":6,"5":6,"6":18,"7":18,"8":16,"9":5,"10":11,"11":11,"12":2,"13":9,"14":9,"15":9,"16":8,"17":8,"18":1,"19":0,"20":9,"21":9,"22":2,"23":2,"24":2,"25":2,"26":2,"27":7,"28":7,"29":7,"30":1,"31":7,"32":6,"33":0,"34":7,"35":7,"36":7,"37":7,"38":7,"39":7,"40":0,"41":7,"42":7,"43":7,"44":7},"f":{"0":18,"1":0,"2":1,"3":6,"4":0},"b":{"0":[11],"1":[5],"2":[16,15],"3":[2],"4":[8,1],"5":[8,0],"6":[8,6],"7":[8,1],"8":[8,2],"9":[2],"10":[9,9],"11":[7,7,6],"12":[7,7],"13":[7,6,1],"14":[7,6],"15":[7,6],"16":[7,7,3],"17":[0]}}
,"C:\\Users\\lunox\\Documents\\anchorcctp-sdk\\packages\\core\\src\\attestation\\index.ts": {"path":"C:\\Users\\lunox\\Documents\\anchorcctp-sdk\\packages\\core\\src\\attestation\\index.ts","statementMap":{"0":{"start":{"line":1,"column":0},"end":{"line":1,"column":61}},"1":{"start":{"line":2,"column":0},"end":{"line":2,"column":58}},"2":{"start":{"line":23,"column":2},"end":{"line":23,"column":66}},"3":{"start":{"line":27,"column":2},"end":{"line":27,"column":59}},"4":{"start":{"line":27,"column":34},"end":{"line":27,"column":57}},"5":{"start":{"line":42,"column":4},"end":{"line":45,"column":36}},"6":{"start":{"line":47,"column":4},"end":{"line":47,"column":97}},"7":{"start":{"line":48,"column":4},"end":{"line":48,"column":57}},"8":{"start":{"line":49,"column":4},"end":{"line":49,"column":56}},"9":{"start":{"line":50,"column":4},"end":{"line":50,"column":47}},"10":{"start":{"line":52,"column":4},"end":{"line":59,"column":5}},"11":{"start":{"line":53,"column":6},"end":{"line":53,"column":35}},"12":{"start":{"line":54,"column":11},"end":{"line":59,"column":5}},"13":{"start":{"line":55,"column":19},"end":{"line":55,"column":33}},"14":{"start":{"line":56,"column":6},"end":{"line":56,"column":68}},"15":{"start":{"line":56,"column":57},"end":{"line":56,"column":66}},"16":{"start":{"line":58,"column":6},"end":{"line":58,"column":48}},"17":{"start":{"line":66,"column":4},"end":{"line":68,"column":5}},"18":{"start":{"line":67,"column":6},"end":{"line":67,"column":19}},"19":{"start":{"line":69,"column":23},"end":{"line":69,"column":37}},"20":{"start":{"line":70,"column":23},"end":{"line":70,"column":39}},"21":{"start":{"line":71,"column":4},"end":{"line":71,"column":58}},"22":{"start":{"line":82,"column":22},"end":{"line":82,"column":32}},"23":{"start":{"line":83,"column":17},"end":{"line":83,"column":49}},"24":{"start":{"line":84,"column":16},"end":{"line":84,"column":55}},"25":{"start":{"line":86,"column":4},"end":{"line":139,"column":5}},"26":{"start":{"line":86,"column":23},"end":{"line":86,"column":24}},"27":{"start":{"line":87,"column":24},"end":{"line":87,"column":46}},"28":{"start":{"line":88,"column":6},"end":{"line":88,"column":90}},"29":{"start":{"line":90,"column":6},"end":{"line":126,"column":7}},"30":{"start":{"line":91,"column":20},"end":{"line":93,"column":10}},"31":{"start":{"line":95,"column":8},"end":{"line":123,"column":9}},"32":{"start":{"line":96,"column":24},"end":{"line":96,"column":40}},"33":{"start":{"line":103,"column":10},"end":{"line":122,"column":11}},"34":{"start":{"line":104,"column":32},"end":{"line":104,"column":72}},"35":{"start":{"line":105,"column":28},"end":{"line":105,"column":46}},"36":{"start":{"line":106,"column":30},"end":{"line":106,"column":70}},"37":{"start":{"line":108,"column":12},"end":{"line":112,"column":15}},"38":{"start":{"line":114,"column":12},"end":{"line":121,"column":14}},"39":{"start":{"line":128,"column":6},"end":{"line":128,"column":35}},"40":{"start":{"line":130,"column":6},"end":{"line":132,"column":7}},"41":{"start":{"line":131,"column":8},"end":{"line":131,"column":14}},"42":{"start":{"line":134,"column":30},"end":{"line":136,"column":null}},"43":{"start":{"line":138,"column":6},"end":{"line":138,"column":35}},"44":{"start":{"line":141,"column":27},"end":{"line":141,"column":49}},"45":{"start":{"line":142,"column":4},"end":{"line":146,"column":7}},"46":{"start":{"line":148,"column":4},"end":{"line":148,"column":66}},"47":{"start":{"line":33,"column":0},"end":{"line":33,"column":13}}},"fnMap":{"0":{"name":"isLogger","decl":{"start":{"line":22,"column":9},"end":{"line":22,"column":17}},"loc":{"start":{"line":22,"column":30},"end":{"line":24,"column":1}}},"1":{"name":"sleep","decl":{"start":{"line":26,"column":9},"end":{"line":26,"column":14}},"loc":{"start":{"line":26,"column":25},"end":{"line":28,"column":1}}},"2":{"name":"(anonymous_2)","decl":{"start":{"line":27,"column":21},"end":{"line":27,"column":22}},"loc":{"start":{"line":27,"column":34},"end":{"line":27,"column":57}}},"3":{"name":"(anonymous_3)","decl":{"start":{"line":41,"column":2},"end":{"line":41,"column":14}},"loc":{"start":{"line":41,"column":52},"end":{"line":60,"column":3}}},"4":{"name":"(anonymous_4)","decl":{"start":{"line":56,"column":48},"end":{"line":56,"column":49}},"loc":{"start":{"line":56,"column":57},"end":{"line":56,"column":66}}},"5":{"name":"(anonymous_5)","decl":{"start":{"line":65,"column":2},"end":{"line":65,"column":19}},"loc":{"start":{"line":65,"column":54},"end":{"line":72,"column":3}}},"6":{"name":"(anonymous_6)","decl":{"start":{"line":78,"column":2},"end":{"line":78,"column":7}},"loc":{"start":{"line":80,"column":57},"end":{"line":149,"column":3}}}},"branchMap":{"0":{"loc":{"start":{"line":23,"column":9},"end":{"line":23,"column":65}},"type":"binary-expr","locations":[{"start":{"line":23,"column":9},"end":{"line":23,"column":32}},{"start":{"line":23,"column":36},"end":{"line":23,"column":48}},{"start":{"line":23,"column":52},"end":{"line":23,"column":65}}]},"1":{"loc":{"start":{"line":41,"column":14},"end":{"line":41,"column":52}},"type":"default-arg","locations":[{"start":{"line":41,"column":50},"end":{"line":41,"column":52}}]},"2":{"loc":{"start":{"line":43,"column":6},"end":{"line":45,"column":35}},"type":"binary-expr","locations":[{"start":{"line":43,"column":6},"end":{"line":43,"column":21}},{"start":{"line":44,"column":7},"end":{"line":44,"column":37}},{"start":{"line":44,"column":41},"end":{"line":44,"column":81}},{"start":{"line":45,"column":6},"end":{"line":45,"column":35}}]},"3":{"loc":{"start":{"line":47,"column":21},"end":{"line":47,"column":96}},"type":"binary-expr","locations":[{"start":{"line":47,"column":21},"end":{"line":47,"column":38}},{"start":{"line":47,"column":43},"end":{"line":47,"column":95}}]},"4":{"loc":{"start":{"line":47,"column":43},"end":{"line":47,"column":95}},"type":"cond-expr","locations":[{"start":{"line":47,"column":74},"end":{"line":47,"column":79}},{"start":{"line":47,"column":83},"end":{"line":47,"column":95}}]},"5":{"loc":{"start":{"line":48,"column":26},"end":{"line":48,"column":56}},"type":"binary-expr","locations":[{"start":{"line":48,"column":26},"end":{"line":48,"column":48}},{"start":{"line":48,"column":52},"end":{"line":48,"column":56}}]},"6":{"loc":{"start":{"line":49,"column":25},"end":{"line":49,"column":55}},"type":"binary-expr","locations":[{"start":{"line":49,"column":25},"end":{"line":49,"column":46}},{"start":{"line":49,"column":50},"end":{"line":49,"column":55}}]},"7":{"loc":{"start":{"line":50,"column":22},"end":{"line":50,"column":46}},"type":"binary-expr","locations":[{"start":{"line":50,"column":22},"end":{"line":50,"column":40}},{"start":{"line":50,"column":44},"end":{"line":50,"column":46}}]},"8":{"loc":{"start":{"line":52,"column":4},"end":{"line":59,"column":5}},"type":"if","locations":[{"start":{"line":52,"column":4},"end":{"line":59,"column":5}},{"start":{"line":54,"column":11},"end":{"line":59,"column":5}}]},"9":{"loc":{"start":{"line":54,"column":11},"end":{"line":59,"column":5}},"type":"if","locations":[{"start":{"line":54,"column":11},"end":{"line":59,"column":5}},{"start":{"line":57,"column":11},"end":{"line":59,"column":5}}]},"10":{"loc":{"start":{"line":66,"column":4},"end":{"line":68,"column":5}},"type":"if","locations":[{"start":{"line":66,"column":4},"end":{"line":68,"column":5}}]},"11":{"loc":{"start":{"line":66,"column":8},"end":{"line":66,"column":94}},"type":"binary-expr","locations":[{"start":{"line":66,"column":8},"end":{"line":66,"column":16}},{"start":{"line":66,"column":20},"end":{"line":66,"column":30}},{"start":{"line":66,"column":34},"end":{"line":66,"column":61}},{"start":{"line":66,"column":65},"end":{"line":66,"column":94}}]},"12":{"loc":{"start":{"line":71,"column":11},"end":{"line":71,"column":57}},"type":"binary-expr","locations":[{"start":{"line":71,"column":11},"end":{"line":71,"column":32}},{"start":{"line":71,"column":36},"end":{"line":71,"column":57}}]},"13":{"loc":{"start":{"line":95,"column":8},"end":{"line":123,"column":9}},"type":"if","locations":[{"start":{"line":95,"column":8},"end":{"line":123,"column":9}}]},"14":{"loc":{"start":{"line":103,"column":10},"end":{"line":122,"column":11}},"type":"if","locations":[{"start":{"line":103,"column":10},"end":{"line":122,"column":11}}]},"15":{"loc":{"start":{"line":104,"column":32},"end":{"line":104,"column":72}},"type":"binary-expr","locations":[{"start":{"line":104,"column":32},"end":{"line":104,"column":48}},{"start":{"line":104,"column":52},"end":{"line":104,"column":66}},{"start":{"line":104,"column":70},"end":{"line":104,"column":72}}]},"16":{"loc":{"start":{"line":105,"column":28},"end":{"line":105,"column":46}},"type":"binary-expr","locations":[{"start":{"line":105,"column":28},"end":{"line":105,"column":40}},{"start":{"line":105,"column":44},"end":{"line":105,"column":46}}]},"17":{"loc":{"start":{"line":106,"column":30},"end":{"line":106,"column":70}},"type":"binary-expr","locations":[{"start":{"line":106,"column":30},"end":{"line":106,"column":44}},{"start":{"line":106,"column":48},"end":{"line":106,"column":64}},{"start":{"line":106,"column":68},"end":{"line":106,"column":70}}]},"18":{"loc":{"start":{"line":130,"column":6},"end":{"line":132,"column":7}},"type":"if","locations":[{"start":{"line":130,"column":6},"end":{"line":132,"column":7}}]}},"s":{"0":8,"1":8,"2":28,"3":3,"4":3,"5":28,"6":28,"7":28,"8":28,"9":28,"10":28,"11":19,"12":9,"13":7,"14":7,"15":14,"16":2,"17":14,"18":3,"19":11,"20":11,"21":11,"22":9,"23":9,"24":9,"25":9,"26":9,"27":12,"28":12,"29":12,"30":12,"31":12,"32":11,"33":11,"34":8,"35":8,"36":8,"37":8,"38":8,"39":4,"40":4,"41":1,"42":3,"43":3,"44":1,"45":1,"46":1,"47":8},"f":{"0":28,"1":3,"2":3,"3":28,"4":14,"5":14,"6":9},"b":{"0":[28,19,19],"1":[1],"2":[28,25,25,24],"3":[28,17],"4":[17,0],"5":[28,23],"6":[28,28],"7":[28,25],"8":[19,9],"9":[7,2],"10":[3],"11":[14,12,11,11],"12":[11,11],"13":[11],"14":[8],"15":[8,1,0],"16":[8,0],"17":[8,0,0],"18":[1]}}
,"C:\\Users\\lunox\\Documents\\anchorcctp-sdk\\packages\\core\\src\\decimals\\index.ts": {"path":"C:\\Users\\lunox\\Documents\\anchorcctp-sdk\\packages\\core\\src\\decimals\\index.ts","statementMap":{"0":{"start":{"line":14,"column":0},"end":{"line":14,"column":16}},"1":{"start":{"line":30,"column":0},"end":{"line":30,"column":16}},"2":{"start":{"line":1,"column":0},"end":{"line":1,"column":56}},"3":{"start":{"line":15,"column":2},"end":{"line":17,"column":3}},"4":{"start":{"line":16,"column":4},"end":{"line":16,"column":98}},"5":{"start":{"line":19,"column":24},"end":{"line":19,"column":45}},"6":{"start":{"line":20,"column":2},"end":{"line":23,"column":4}},"7":{"start":{"line":31,"column":2},"end":{"line":33,"column":3}},"8":{"start":{"line":32,"column":4},"end":{"line":32,"column":103}},"9":{"start":{"line":35,"column":21},"end":{"line":35,"column":47}},"10":{"start":{"line":36,"column":15},"end":{"line":36,"column":41}},"11":{"start":{"line":38,"column":2},"end":{"line":41,"column":4}}},"fnMap":{"0":{"name":"convert6to7","decl":{"start":{"line":14,"column":16},"end":{"line":14,"column":27}},"loc":{"start":{"line":14,"column":51},"end":{"line":24,"column":1}}},"1":{"name":"convert7to6","decl":{"start":{"line":30,"column":16},"end":{"line":30,"column":27}},"loc":{"start":{"line":30,"column":56},"end":{"line":42,"column":1}}}},"branchMap":{"0":{"loc":{"start":{"line":15,"column":2},"end":{"line":17,"column":3}},"type":"if","locations":[{"start":{"line":15,"column":2},"end":{"line":17,"column":3}}]},"1":{"loc":{"start":{"line":31,"column":2},"end":{"line":33,"column":3}},"type":"if","locations":[{"start":{"line":31,"column":2},"end":{"line":33,"column":3}}]}},"s":{"0":6,"1":6,"2":6,"3":11,"4":2,"5":9,"6":9,"7":5,"8":2,"9":3,"10":3,"11":3},"f":{"0":11,"1":5},"b":{"0":[2],"1":[2]}}
,"C:\\Users\\lunox\\Documents\\anchorcctp-sdk\\packages\\core\\src\\domains\\index.ts": {"path":"C:\\Users\\lunox\\Documents\\anchorcctp-sdk\\packages\\core\\src\\domains\\index.ts","statementMap":{"0":{"start":{"line":45,"column":0},"end":{"line":45,"column":16}},"1":{"start":{"line":52,"column":0},"end":{"line":52,"column":16}},"2":{"start":{"line":62,"column":0},"end":{"line":62,"column":16}},"3":{"start":{"line":1,"column":0},"end":{"line":1,"column":56}},"4":{"start":{"line":13,"column":13},"end":{"line":40,"column":2}},"5":{"start":{"line":46,"column":2},"end":{"line":46,"column":34}},"6":{"start":{"line":53,"column":2},"end":{"line":55,"column":3}},"7":{"start":{"line":54,"column":4},"end":{"line":54,"column":43}},"8":{"start":{"line":56,"column":2},"end":{"line":56,"column":32}},"9":{"start":{"line":63,"column":2},"end":{"line":63,"column":41}}},"fnMap":{"0":{"name":"isSupportedDomain","decl":{"start":{"line":45,"column":16},"end":{"line":45,"column":33}},"loc":{"start":{"line":45,"column":50},"end":{"line":47,"column":1}}},"1":{"name":"assertSupportedDomain","decl":{"start":{"line":52,"column":16},"end":{"line":52,"column":37}},"loc":{"start":{"line":52,"column":54},"end":{"line":57,"column":1}}},"2":{"name":"getDomainMeta","decl":{"start":{"line":62,"column":16},"end":{"line":62,"column":29}},"loc":{"start":{"line":62,"column":46},"end":{"line":64,"column":1}}}},"branchMap":{"0":{"loc":{"start":{"line":53,"column":2},"end":{"line":55,"column":3}},"type":"if","locations":[{"start":{"line":53,"column":2},"end":{"line":55,"column":3}}]}},"s":{"0":6,"1":6,"2":6,"3":6,"4":6,"5":23,"6":22,"7":4,"8":18,"9":3},"f":{"0":23,"1":22,"2":3},"b":{"0":[4]}}
,"C:\\Users\\lunox\\Documents\\anchorcctp-sdk\\packages\\core\\src\\errors\\index.ts": {"path":"C:\\Users\\lunox\\Documents\\anchorcctp-sdk\\packages\\core\\src\\errors\\index.ts","statementMap":{"0":{"start":{"line":9,"column":4},"end":{"line":9,"column":19}},"1":{"start":{"line":10,"column":4},"end":{"line":10,"column":38}},"2":{"start":{"line":4,"column":0},"end":{"line":4,"column":22}},"3":{"start":{"line":18,"column":18},"end":{"line":18,"column":34}},"4":{"start":{"line":19,"column":25},"end":{"line":19,"column":110}},"5":{"start":{"line":22,"column":4},"end":{"line":22,"column":54}},"6":{"start":{"line":21,"column":30},"end":{"line":21,"column":46}},"7":{"start":{"line":17,"column":0},"end":{"line":17,"column":13}},"8":{"start":{"line":30,"column":18},"end":{"line":30,"column":34}},"9":{"start":{"line":31,"column":25},"end":{"line":31,"column":79}},"10":{"start":{"line":34,"column":4},"end":{"line":34,"column":19}},"11":{"start":{"line":29,"column":0},"end":{"line":29,"column":13}},"12":{"start":{"line":42,"column":18},"end":{"line":42,"column":39}},"13":{"start":{"line":43,"column":25},"end":{"line":43,"column":112}},"14":{"start":{"line":46,"column":4},"end":{"line":46,"column":99}},"15":{"start":{"line":45,"column":30},"end":{"line":45,"column":48}},"16":{"start":{"line":45,"column":66},"end":{"line":45,"column":87}},"17":{"start":{"line":41,"column":0},"end":{"line":41,"column":13}},"18":{"start":{"line":54,"column":18},"end":{"line":54,"column":37}},"19":{"start":{"line":55,"column":25},"end":{"line":55,"column":118}},"20":{"start":{"line":58,"column":4},"end":{"line":58,"column":71}},"21":{"start":{"line":57,"column":30},"end":{"line":57,"column":56}},"22":{"start":{"line":53,"column":0},"end":{"line":53,"column":13}},"23":{"start":{"line":66,"column":18},"end":{"line":66,"column":31}},"24":{"start":{"line":67,"column":25},"end":{"line":67,"column":119}},"25":{"start":{"line":70,"column":4},"end":{"line":70,"column":101}},"26":{"start":{"line":69,"column":30},"end":{"line":69,"column":48}},"27":{"start":{"line":69,"column":66},"end":{"line":69,"column":81}},"28":{"start":{"line":65,"column":0},"end":{"line":65,"column":13}},"29":{"start":{"line":78,"column":18},"end":{"line":78,"column":45}},"30":{"start":{"line":79,"column":25},"end":{"line":79,"column":131}},"31":{"start":{"line":82,"column":4},"end":{"line":82,"column":110}},"32":{"start":{"line":81,"column":30},"end":{"line":81,"column":56}},"33":{"start":{"line":81,"column":74},"end":{"line":81,"column":89}},"34":{"start":{"line":77,"column":0},"end":{"line":77,"column":13}},"35":{"start":{"line":90,"column":18},"end":{"line":90,"column":35}},"36":{"start":{"line":91,"column":25},"end":{"line":91,"column":123}},"37":{"start":{"line":94,"column":4},"end":{"line":94,"column":72}},"38":{"start":{"line":93,"column":30},"end":{"line":93,"column":48}},"39":{"start":{"line":89,"column":0},"end":{"line":89,"column":13}}},"fnMap":{"0":{"name":"(anonymous_0)","decl":{"start":{"line":8,"column":2},"end":{"line":8,"column":14}},"loc":{"start":{"line":8,"column":29},"end":{"line":11,"column":3}}},"1":{"name":"(anonymous_1)","decl":{"start":{"line":21,"column":2},"end":{"line":21,"column":30}},"loc":{"start":{"line":21,"column":46},"end":{"line":23,"column":3}}},"2":{"name":"(anonymous_2)","decl":{"start":{"line":33,"column":2},"end":{"line":33,"column":14}},"loc":{"start":{"line":33,"column":29},"end":{"line":35,"column":3}}},"3":{"name":"(anonymous_3)","decl":{"start":{"line":45,"column":2},"end":{"line":45,"column":30}},"loc":{"start":{"line":45,"column":87},"end":{"line":47,"column":3}}},"4":{"name":"(anonymous_4)","decl":{"start":{"line":57,"column":2},"end":{"line":57,"column":30}},"loc":{"start":{"line":57,"column":56},"end":{"line":59,"column":3}}},"5":{"name":"(anonymous_5)","decl":{"start":{"line":69,"column":2},"end":{"line":69,"column":30}},"loc":{"start":{"line":69,"column":81},"end":{"line":71,"column":3}}},"6":{"name":"(anonymous_6)","decl":{"start":{"line":81,"column":2},"end":{"line":81,"column":30}},"loc":{"start":{"line":81,"column":89},"end":{"line":83,"column":3}}},"7":{"name":"(anonymous_7)","decl":{"start":{"line":93,"column":2},"end":{"line":93,"column":30}},"loc":{"start":{"line":93,"column":48},"end":{"line":95,"column":3}}}},"branchMap":{"0":{"loc":{"start":{"line":70,"column":69},"end":{"line":70,"column":96}},"type":"cond-expr","locations":[{"start":{"line":70,"column":78},"end":{"line":70,"column":91}},{"start":{"line":70,"column":94},"end":{"line":70,"column":96}}]},"1":{"loc":{"start":{"line":82,"column":78},"end":{"line":82,"column":105}},"type":"cond-expr","locations":[{"start":{"line":82,"column":87},"end":{"line":82,"column":100}},{"start":{"line":82,"column":103},"end":{"line":82,"column":105}}]}},"s":{"0":32,"1":32,"2":10,"3":5,"4":5,"5":5,"6":5,"7":10,"8":10,"9":10,"10":10,"11":10,"12":2,"13":2,"14":2,"15":2,"16":2,"17":10,"18":2,"19":2,"20":2,"21":2,"22":10,"23":3,"24":3,"25":3,"26":3,"27":3,"28":10,"29":5,"30":5,"31":5,"32":5,"33":5,"34":10,"35":3,"36":3,"37":3,"38":3,"39":10},"f":{"0":32,"1":5,"2":10,"3":2,"4":2,"5":3,"6":5,"7":3},"b":{"0":[2,1],"1":[4,1]}}
,"C:\\Users\\lunox\\Documents\\anchorcctp-sdk\\packages\\core\\src\\events\\index.ts": {"path":"C:\\Users\\lunox\\Documents\\anchorcctp-sdk\\packages\\core\\src\\events\\index.ts","statementMap":{"0":{"start":{"line":51,"column":0},"end":{"line":51,"column":16}},"1":{"start":{"line":1,"column":0},"end":{"line":1,"column":38}},"2":{"start":{"line":52,"column":13},"end":{"line":52,"column":31}},"3":{"start":{"line":54,"column":47},"end":{"line":70,"column":4}},"4":{"start":{"line":56,"column":6},"end":{"line":56,"column":60}},"5":{"start":{"line":57,"column":6},"end":{"line":57,"column":26}},"6":{"start":{"line":60,"column":6},"end":{"line":60,"column":62}},"7":{"start":{"line":61,"column":6},"end":{"line":61,"column":26}},"8":{"start":{"line":64,"column":6},"end":{"line":64,"column":61}},"9":{"start":{"line":65,"column":6},"end":{"line":65,"column":26}},"10":{"start":{"line":68,"column":6},"end":{"line":68,"column":37}},"11":{"start":{"line":72,"column":2},"end":{"line":72,"column":22}}},"fnMap":{"0":{"name":"createEventEmitter","decl":{"start":{"line":51,"column":16},"end":{"line":51,"column":34}},"loc":{"start":{"line":51,"column":34},"end":{"line":73,"column":1}}},"1":{"name":"(anonymous_1)","decl":{"start":{"line":55,"column":4},"end":{"line":55,"column":6}},"loc":{"start":{"line":55,"column":61},"end":{"line":58,"column":5}}},"2":{"name":"(anonymous_2)","decl":{"start":{"line":59,"column":4},"end":{"line":59,"column":8}},"loc":{"start":{"line":59,"column":63},"end":{"line":62,"column":5}}},"3":{"name":"(anonymous_3)","decl":{"start":{"line":63,"column":4},"end":{"line":63,"column":7}},"loc":{"start":{"line":63,"column":62},"end":{"line":66,"column":5}}},"4":{"name":"(anonymous_4)","decl":{"start":{"line":67,"column":4},"end":{"line":67,"column":8}},"loc":{"start":{"line":67,"column":67},"end":{"line":69,"column":5}}}},"branchMap":{},"s":{"0":7,"1":7,"2":21,"3":21,"4":11,"5":11,"6":2,"7":2,"8":2,"9":2,"10":16,"11":21},"f":{"0":21,"1":11,"2":2,"3":2,"4":16},"b":{}}
,"C:\\Users\\lunox\\Documents\\anchorcctp-sdk\\packages\\core\\src\\forwarder\\index.ts": {"path":"C:\\Users\\lunox\\Documents\\anchorcctp-sdk\\packages\\core\\src\\forwarder\\index.ts","statementMap":{"0":{"start":{"line":19,"column":0},"end":{"line":19,"column":16}},"1":{"start":{"line":55,"column":0},"end":{"line":55,"column":7}},"2":{"start":{"line":1,"column":0},"end":{"line":1,"column":46}},"3":{"start":{"line":2,"column":0},"end":{"line":2,"column":53}},"4":{"start":{"line":20,"column":2},"end":{"line":22,"column":3}},"5":{"start":{"line":21,"column":4},"end":{"line":21,"column":48}},"6":{"start":{"line":24,"column":18},"end":{"line":24,"column":35}},"7":{"start":{"line":27,"column":2},"end":{"line":29,"column":3}},"8":{"start":{"line":28,"column":4},"end":{"line":28,"column":19}},"9":{"start":{"line":31,"column":17},"end":{"line":33,"column":13}},"10":{"start":{"line":36,"column":2},"end":{"line":38,"column":3}},"11":{"start":{"line":37,"column":4},"end":{"line":37,"column":42}},"12":{"start":{"line":40,"column":2},"end":{"line":42,"column":3}},"13":{"start":{"line":41,"column":4},"end":{"line":41,"column":103}},"14":{"start":{"line":44,"column":17},"end":{"line":44,"column":45}},"15":{"start":{"line":45,"column":2},"end":{"line":47,"column":3}},"16":{"start":{"line":46,"column":4},"end":{"line":46,"column":109}},"17":{"start":{"line":49,"column":2},"end":{"line":49,"column":47}},"18":{"start":{"line":59,"column":2},"end":{"line":78,"column":3}},"19":{"start":{"line":61,"column":20},"end":{"line":69,"column":24}},"20":{"start":{"line":71,"column":25},"end":{"line":71,"column":46}},"21":{"start":{"line":72,"column":4},"end":{"line":74,"column":6}},"22":{"start":{"line":76,"column":19},"end":{"line":76,"column":73}},"23":{"start":{"line":77,"column":4},"end":{"line":77,"column":54}}},"fnMap":{"0":{"name":"translateToStellar","decl":{"start":{"line":19,"column":16},"end":{"line":19,"column":34}},"loc":{"start":{"line":19,"column":53},"end":{"line":50,"column":1}}},"1":{"name":"submitMint","decl":{"start":{"line":55,"column":22},"end":{"line":55,"column":32}},"loc":{"start":{"line":57,"column":24},"end":{"line":79,"column":1}}}},"branchMap":{"0":{"loc":{"start":{"line":20,"column":2},"end":{"line":22,"column":3}},"type":"if","locations":[{"start":{"line":20,"column":2},"end":{"line":22,"column":3}}]},"1":{"loc":{"start":{"line":27,"column":2},"end":{"line":29,"column":3}},"type":"if","locations":[{"start":{"line":27,"column":2},"end":{"line":29,"column":3}}]},"2":{"loc":{"start":{"line":31,"column":17},"end":{"line":33,"column":13}},"type":"cond-expr","locations":[{"start":{"line":32,"column":6},"end":{"line":32,"column":22}},{"start":{"line":33,"column":6},"end":{"line":33,"column":13}}]},"3":{"loc":{"start":{"line":31,"column":17},"end":{"line":31,"column":69}},"type":"binary-expr","locations":[{"start":{"line":31,"column":17},"end":{"line":31,"column":41}},{"start":{"line":31,"column":45},"end":{"line":31,"column":69}}]},"4":{"loc":{"start":{"line":36,"column":2},"end":{"line":38,"column":3}},"type":"if","locations":[{"start":{"line":36,"column":2},"end":{"line":38,"column":3}}]},"5":{"loc":{"start":{"line":40,"column":2},"end":{"line":42,"column":3}},"type":"if","locations":[{"start":{"line":40,"column":2},"end":{"line":42,"column":3}}]},"6":{"loc":{"start":{"line":40,"column":6},"end":{"line":40,"column":64}},"type":"binary-expr","locations":[{"start":{"line":40,"column":6},"end":{"line":40,"column":28}},{"start":{"line":40,"column":32},"end":{"line":40,"column":64}}]},"7":{"loc":{"start":{"line":45,"column":2},"end":{"line":47,"column":3}},"type":"if","locations":[{"start":{"line":45,"column":2},"end":{"line":47,"column":3}}]},"8":{"loc":{"start":{"line":67,"column":18},"end":{"line":67,"column":106}},"type":"binary-expr","locations":[{"start":{"line":67,"column":18},"end":{"line":67,"column":44}},{"start":{"line":67,"column":48},"end":{"line":67,"column":106}}]},"9":{"loc":{"start":{"line":76,"column":19},"end":{"line":76,"column":73}},"type":"cond-expr","locations":[{"start":{"line":76,"column":44},"end":{"line":76,"column":57}},{"start":{"line":76,"column":60},"end":{"line":76,"column":73}}]}},"s":{"0":7,"1":7,"2":7,"3":7,"4":14,"5":1,"6":13,"7":13,"8":10,"9":3,"10":3,"11":1,"12":3,"13":1,"14":2,"15":2,"16":0,"17":2,"18":10,"19":10,"20":10,"21":9,"22":1,"23":1},"f":{"0":14,"1":10},"b":{"0":[1],"1":[10],"2":[2,1],"3":[3,1],"4":[1],"5":[1],"6":[3,2],"7":[0],"8":[10,9],"9":[1,0]}}
,"C:\\Users\\lunox\\Documents\\anchorcctp-sdk\\packages\\core\\src\\logger\\index.ts": {"path":"C:\\Users\\lunox\\Documents\\anchorcctp-sdk\\packages\\core\\src\\logger\\index.ts","statementMap":{"0":{"start":{"line":43,"column":0},"end":{"line":43,"column":16}},"1":{"start":{"line":12,"column":27},"end":{"line":12,"column":62}},"2":{"start":{"line":15,"column":2},"end":{"line":17,"column":3}},"3":{"start":{"line":16,"column":4},"end":{"line":16,"column":17}},"4":{"start":{"line":18,"column":2},"end":{"line":31,"column":3}},"5":{"start":{"line":19,"column":4},"end":{"line":21,"column":5}},"6":{"start":{"line":20,"column":6},"end":{"line":20,"column":38}},"7":{"start":{"line":22,"column":50},"end":{"line":22,"column":52}},"8":{"start":{"line":23,"column":4},"end":{"line":29,"column":5}},"9":{"start":{"line":24,"column":6},"end":{"line":28,"column":7}},"10":{"start":{"line":25,"column":8},"end":{"line":25,"column":39}},"11":{"start":{"line":27,"column":8},"end":{"line":27,"column":43}},"12":{"start":{"line":30,"column":4},"end":{"line":30,"column":24}},"13":{"start":{"line":32,"column":2},"end":{"line":32,"column":15}},"14":{"start":{"line":36,"column":2},"end":{"line":36,"column":39}},"15":{"start":{"line":44,"column":14},"end":{"line":63,"column":3}},"16":{"start":{"line":45,"column":45},"end":{"line":50,"column":6}},"17":{"start":{"line":52,"column":4},"end":{"line":60,"column":5}},"18":{"start":{"line":53,"column":6},"end":{"line":59,"column":7}},"19":{"start":{"line":54,"column":8},"end":{"line":58,"column":9}},"20":{"start":{"line":55,"column":10},"end":{"line":55,"column":36}},"21":{"start":{"line":57,"column":10},"end":{"line":57,"column":40}},"22":{"start":{"line":62,"column":4},"end":{"line":62,"column":34}},"23":{"start":{"line":65,"column":2},"end":{"line":70,"column":4}},"24":{"start":{"line":66,"column":25},"end":{"line":66,"column":47}},"25":{"start":{"line":67,"column":25},"end":{"line":67,"column":47}},"26":{"start":{"line":68,"column":26},"end":{"line":68,"column":49}},"27":{"start":{"line":69,"column":26},"end":{"line":69,"column":49}}},"fnMap":{"0":{"name":"sanitizeValue","decl":{"start":{"line":14,"column":9},"end":{"line":14,"column":22}},"loc":{"start":{"line":14,"column":37},"end":{"line":33,"column":1}}},"1":{"name":"defaultSink","decl":{"start":{"line":35,"column":9},"end":{"line":35,"column":20}},"loc":{"start":{"line":35,"column":36},"end":{"line":37,"column":1}}},"2":{"name":"createLogger","decl":{"start":{"line":43,"column":16},"end":{"line":43,"column":28}},"loc":{"start":{"line":43,"column":75},"end":{"line":71,"column":1}}},"3":{"name":"(anonymous_3)","decl":{"start":{"line":44,"column":14},"end":{"line":44,"column":15}},"loc":{"start":{"line":44,"column":79},"end":{"line":63,"column":3}}},"4":{"name":"(anonymous_4)","decl":{"start":{"line":66,"column":10},"end":{"line":66,"column":11}},"loc":{"start":{"line":66,"column":25},"end":{"line":66,"column":47}}},"5":{"name":"(anonymous_5)","decl":{"start":{"line":67,"column":10},"end":{"line":67,"column":11}},"loc":{"start":{"line":67,"column":25},"end":{"line":67,"column":47}}},"6":{"name":"(anonymous_6)","decl":{"start":{"line":68,"column":11},"end":{"line":68,"column":12}},"loc":{"start":{"line":68,"column":26},"end":{"line":68,"column":49}}},"7":{"name":"(anonymous_7)","decl":{"start":{"line":69,"column":11},"end":{"line":69,"column":12}},"loc":{"start":{"line":69,"column":26},"end":{"line":69,"column":49}}}},"branchMap":{"0":{"loc":{"start":{"line":15,"column":2},"end":{"line":17,"column":3}},"type":"if","locations":[{"start":{"line":15,"column":2},"end":{"line":17,"column":3}}]},"1":{"loc":{"start":{"line":15,"column":6},"end":{"line":15,"column":43}},"type":"binary-expr","locations":[{"start":{"line":15,"column":6},"end":{"line":15,"column":20}},{"start":{"line":15,"column":24},"end":{"line":15,"column":43}}]},"2":{"loc":{"start":{"line":18,"column":2},"end":{"line":31,"column":3}},"type":"if","locations":[{"start":{"line":18,"column":2},"end":{"line":31,"column":3}}]},"3":{"loc":{"start":{"line":19,"column":4},"end":{"line":21,"column":5}},"type":"if","locations":[{"start":{"line":19,"column":4},"end":{"line":21,"column":5}}]},"4":{"loc":{"start":{"line":24,"column":6},"end":{"line":28,"column":7}},"type":"if","locations":[{"start":{"line":24,"column":6},"end":{"line":28,"column":7}},{"start":{"line":26,"column":13},"end":{"line":28,"column":7}}]},"5":{"loc":{"start":{"line":43,"column":48},"end":{"line":43,"column":75}},"type":"default-arg","locations":[{"start":{"line":43,"column":64},"end":{"line":43,"column":75}}]},"6":{"loc":{"start":{"line":52,"column":4},"end":{"line":60,"column":5}},"type":"if","locations":[{"start":{"line":52,"column":4},"end":{"line":60,"column":5}}]},"7":{"loc":{"start":{"line":54,"column":8},"end":{"line":58,"column":9}},"type":"if","locations":[{"start":{"line":54,"column":8},"end":{"line":58,"column":9}},{"start":{"line":56,"column":15},"end":{"line":58,"column":9}}]}},"s":{"0":9,"1":9,"2":111,"3":2,"4":109,"5":3,"6":1,"7":2,"8":2,"9":4,"10":2,"11":2,"12":2,"13":106,"14":18,"15":32,"16":43,"17":43,"18":41,"19":115,"20":9,"21":106,"22":43,"23":32,"24":27,"25":1,"26":3,"27":12},"f":{"0":111,"1":18,"2":32,"3":43,"4":27,"5":1,"6":3,"7":12},"b":{"0":[2],"1":[111,110],"2":[3],"3":[1],"4":[2,2],"5":[18],"6":[41],"7":[9,106]}}
,"C:\\Users\\lunox\\Documents\\anchorcctp-sdk\\packages\\core\\src\\replay\\index.ts": {"path":"C:\\Users\\lunox\\Documents\\anchorcctp-sdk\\packages\\core\\src\\replay\\index.ts","statementMap":{"0":{"start":{"line":18,"column":27},"end":{"line":18,"column":62}},"1":{"start":{"line":21,"column":4},"end":{"line":21,"column":38}},"2":{"start":{"line":25,"column":4},"end":{"line":25,"column":39}},"3":{"start":{"line":29,"column":4},"end":{"line":29,"column":46}},"4":{"start":{"line":40,"column":4},"end":{"line":40,"column":56}},"5":{"start":{"line":44,"column":4},"end":{"line":44,"column":48}},"6":{"start":{"line":48,"column":4},"end":{"line":48,"column":57}},"7":{"start":{"line":52,"column":4},"end":{"line":52,"column":46}},"8":{"start":{"line":36,"column":0},"end":{"line":36,"column":13}}},"fnMap":{"0":{"name":"(anonymous_0)","decl":{"start":{"line":20,"column":2},"end":{"line":20,"column":13}},"loc":{"start":{"line":20,"column":32},"end":{"line":22,"column":3}}},"1":{"name":"(anonymous_1)","decl":{"start":{"line":24,"column":2},"end":{"line":24,"column":15}},"loc":{"start":{"line":24,"column":60},"end":{"line":26,"column":3}}},"2":{"name":"(anonymous_2)","decl":{"start":{"line":28,"column":2},"end":{"line":28,"column":11}},"loc":{"start":{"line":28,"column":30},"end":{"line":30,"column":3}}},"3":{"name":"(anonymous_3)","decl":{"start":{"line":39,"column":2},"end":{"line":39,"column":14}},"loc":{"start":{"line":39,"column":43},"end":{"line":41,"column":3}}},"4":{"name":"(anonymous_4)","decl":{"start":{"line":43,"column":2},"end":{"line":43,"column":7}},"loc":{"start":{"line":43,"column":38},"end":{"line":45,"column":3}}},"5":{"name":"(anonymous_5)","decl":{"start":{"line":47,"column":2},"end":{"line":47,"column":7}},"loc":{"start":{"line":47,"column":66},"end":{"line":49,"column":3}}},"6":{"name":"(anonymous_6)","decl":{"start":{"line":51,"column":2},"end":{"line":51,"column":7}},"loc":{"start":{"line":51,"column":36},"end":{"line":53,"column":3}}}},"branchMap":{"0":{"loc":{"start":{"line":29,"column":11},"end":{"line":29,"column":45}},"type":"binary-expr","locations":[{"start":{"line":29,"column":11},"end":{"line":29,"column":37}},{"start":{"line":29,"column":41},"end":{"line":29,"column":45}}]},"1":{"loc":{"start":{"line":40,"column":19},"end":{"line":40,"column":55}},"type":"binary-expr","locations":[{"start":{"line":40,"column":19},"end":{"line":40,"column":26}},{"start":{"line":40,"column":30},"end":{"line":40,"column":55}}]}},"s":{"0":19,"1":13,"2":8,"3":2,"4":20,"5":15,"6":9,"7":2,"8":7},"f":{"0":13,"1":8,"2":2,"3":20,"4":15,"5":9,"6":2},"b":{"0":[2,1],"1":[20,19]}}
,"C:\\Users\\lunox\\Documents\\anchorcctp-sdk\\packages\\core\\src\\trustline\\index.ts": {"path":"C:\\Users\\lunox\\Documents\\anchorcctp-sdk\\packages\\core\\src\\trustline\\index.ts","statementMap":{"0":{"start":{"line":16,"column":0},"end":{"line":16,"column":7}},"1":{"start":{"line":1,"column":0},"end":{"line":1,"column":83}},"2":{"start":{"line":19,"column":17},"end":{"line":19,"column":44}},"3":{"start":{"line":20,"column":2},"end":{"line":22,"column":3}},"4":{"start":{"line":21,"column":4},"end":{"line":21,"column":30}},"5":{"start":{"line":24,"column":2},"end":{"line":26,"column":3}},"6":{"start":{"line":25,"column":4},"end":{"line":25,"column":56}},"7":{"start":{"line":28,"column":26},"end":{"line":28,"column":58}},"8":{"start":{"line":29,"column":2},"end":{"line":34,"column":3}},"9":{"start":{"line":30,"column":4},"end":{"line":33,"column":6}},"10":{"start":{"line":36,"column":2},"end":{"line":41,"column":3}},"11":{"start":{"line":37,"column":4},"end":{"line":40,"column":6}},"12":{"start":{"line":43,"column":2},"end":{"line":57,"column":3}},"13":{"start":{"line":44,"column":20},"end":{"line":50,"column":24}},"14":{"start":{"line":52,"column":4},"end":{"line":52,"column":42}},"15":{"start":{"line":53,"column":4},"end":{"line":53,"column":29}},"16":{"start":{"line":55,"column":19},"end":{"line":55,"column":67}},"17":{"start":{"line":56,"column":4},"end":{"line":56,"column":65}}},"fnMap":{"0":{"name":"ensureTrustline","decl":{"start":{"line":16,"column":22},"end":{"line":16,"column":37}},"loc":{"start":{"line":17,"column":31},"end":{"line":58,"column":1}}}},"branchMap":{"0":{"loc":{"start":{"line":20,"column":2},"end":{"line":22,"column":3}},"type":"if","locations":[{"start":{"line":20,"column":2},"end":{"line":22,"column":3}}]},"1":{"loc":{"start":{"line":24,"column":2},"end":{"line":26,"column":3}},"type":"if","locations":[{"start":{"line":24,"column":2},"end":{"line":26,"column":3}}]},"2":{"loc":{"start":{"line":28,"column":26},"end":{"line":28,"column":58}},"type":"binary-expr","locations":[{"start":{"line":28,"column":26},"end":{"line":28,"column":51}},{"start":{"line":28,"column":55},"end":{"line":28,"column":58}}]},"3":{"loc":{"start":{"line":29,"column":2},"end":{"line":34,"column":3}},"type":"if","locations":[{"start":{"line":29,"column":2},"end":{"line":34,"column":3}}]},"4":{"loc":{"start":{"line":29,"column":6},"end":{"line":29,"column":78}},"type":"binary-expr","locations":[{"start":{"line":29,"column":6},"end":{"line":29,"column":38}},{"start":{"line":29,"column":42},"end":{"line":29,"column":78}}]},"5":{"loc":{"start":{"line":36,"column":2},"end":{"line":41,"column":3}},"type":"if","locations":[{"start":{"line":36,"column":2},"end":{"line":41,"column":3}}]},"6":{"loc":{"start":{"line":48,"column":15},"end":{"line":48,"column":37}},"type":"binary-expr","locations":[{"start":{"line":48,"column":15},"end":{"line":48,"column":27}},{"start":{"line":48,"column":31},"end":{"line":48,"column":37}}]},"7":{"loc":{"start":{"line":55,"column":19},"end":{"line":55,"column":67}},"type":"cond-expr","locations":[{"start":{"line":55,"column":42},"end":{"line":55,"column":53}},{"start":{"line":55,"column":56},"end":{"line":55,"column":67}}]}},"s":{"0":7,"1":7,"2":14,"3":14,"4":7,"5":7,"6":1,"7":6,"8":6,"9":1,"10":5,"11":1,"12":4,"13":4,"14":4,"15":3,"16":1,"17":1},"f":{"0":14},"b":{"0":[7],"1":[1],"2":[6,5],"3":[1],"4":[6,3],"5":[1],"6":[4,2],"7":[1,0]}}
}
