TN:
SF:src\config.ts
FN:40,isLogger
FN:47,createAnchorCCTP
FN:53,(anonymous_2)
FN:82,(anonymous_3)
FN:85,(anonymous_4)
FN:89,(anonymous_5)
FN:93,(anonymous_6)
FNF:7
FNH:7
FNDA:18,isLogger
FNDA:18,createAnchorCCTP
FNDA:4,(anonymous_2)
FNDA:18,(anonymous_3)
FNDA:7,(anonymous_4)
FNDA:1,(anonymous_5)
FNDA:1,(anonymous_6)
DA:1,6
DA:2,6
DA:3,6
DA:10,6
DA:11,6
DA:41,18
DA:47,6
DA:49,18
DA:50,1
DA:51,17
DA:52,2
DA:53,4
DA:55,15
DA:58,18
DA:67,18
DA:68,18
DA:70,18
DA:81,18
DA:83,18
DA:86,7
DA:87,7
DA:90,1
DA:91,1
DA:94,1
DA:95,1
DA:99,18
LF:26
LH:26
BRDA:41,0,0,18
BRDA:41,0,1,1
BRDA:41,0,2,1
BRDA:49,1,0,1
BRDA:49,1,1,17
BRDA:51,2,0,2
BRDA:51,2,1,15
BRDA:60,3,0,18
BRDA:60,3,1,16
BRDA:67,4,0,18
BRDA:67,4,1,18
BRF:11
BRH:11
end_of_record
TN:
SF:src\receive.ts
FN:57,receive
FN:102,(anonymous_1)
FN:138,(anonymous_2)
FN:146,(anonymous_3)
FN:149,(anonymous_4)
FNF:5
FNH:3
FNDA:18,receive
FNDA:0,(anonymous_1)
FNDA:1,(anonymous_2)
FNDA:6,(anonymous_3)
FNDA:0,(anonymous_4)
DA:1,6
DA:2,6
DA:3,6
DA:4,6
DA:9,6
DA:57,6
DA:66,18
DA:69,18
DA:72,16
DA:73,5
DA:77,11
DA:78,11
DA:79,2
DA:83,9
DA:86,9
DA:89,9
DA:90,8
DA:91,8
DA:100,1
DA:103,0
DA:115,9
DA:119,9
DA:120,2
DA:121,2
DA:122,2
DA:124,2
DA:125,2
DA:130,7
DA:133,7
DA:136,7
DA:138,1
DA:140,7
DA:146,6
DA:149,0
DA:153,7
DA:163,7
DA:166,7
DA:171,7
DA:172,7
DA:181,7
DA:182,0
DA:190,7
DA:199,7
DA:201,7
DA:207,7
LF:45
LH:42
BRDA:65,0,0,11
BRDA:72,1,0,5
BRDA:72,2,0,16
BRDA:72,2,1,15
BRDA:78,3,0,2
BRDA:89,4,0,8
BRDA:89,4,1,1
BRDA:92,5,0,8
BRDA:92,5,1,0
BRDA:93,6,0,8
BRDA:93,6,1,6
BRDA:94,7,0,8
BRDA:94,7,1,1
BRDA:95,8,0,8
BRDA:95,8,1,2
BRDA:119,9,0,2
BRDA:119,10,0,9
BRDA:119,10,1,9
BRDA:130,11,0,7
BRDA:130,11,1,7
BRDA:130,11,2,6
BRDA:133,12,0,7
BRDA:133,12,1,7
BRDA:136,13,0,7
BRDA:136,13,1,6
BRDA:136,13,2,1
BRDA:145,14,0,7
BRDA:145,14,1,6
BRDA:148,15,0,7
BRDA:148,15,1,6
BRDA:166,16,0,7
BRDA:166,16,1,7
BRDA:166,16,2,3
BRDA:181,17,0,0
BRF:34
BRH:32
end_of_record
TN:
SF:src\attestation\index.ts
FN:22,isLogger
FN:26,sleep
FN:27,(anonymous_2)
FN:41,(anonymous_3)
FN:56,(anonymous_4)
FN:65,(anonymous_5)
FN:78,(anonymous_6)
FNF:7
FNH:7
FNDA:28,isLogger
FNDA:3,sleep
FNDA:3,(anonymous_2)
FNDA:28,(anonymous_3)
FNDA:14,(anonymous_4)
FNDA:14,(anonymous_5)
FNDA:9,(anonymous_6)
DA:1,8
DA:2,8
DA:23,28
DA:27,3
DA:33,8
DA:42,28
DA:47,28
DA:48,28
DA:49,28
DA:50,28
DA:52,28
DA:53,19
DA:54,9
DA:55,7
DA:56,14
DA:58,2
DA:66,14
DA:67,3
DA:69,11
DA:70,11
DA:71,11
DA:82,9
DA:83,9
DA:84,9
DA:86,9
DA:87,12
DA:88,12
DA:90,12
DA:91,12
DA:95,12
DA:96,11
DA:103,11
DA:104,8
DA:105,8
DA:106,8
DA:108,8
DA:114,8
DA:128,4
DA:130,4
DA:131,1
DA:134,3
DA:138,3
DA:141,1
DA:142,1
DA:148,1
LF:45
LH:45
BRDA:23,0,0,28
BRDA:23,0,1,19
BRDA:23,0,2,19
BRDA:41,1,0,1
BRDA:43,2,0,28
BRDA:43,2,1,25
BRDA:43,2,2,25
BRDA:43,2,3,24
BRDA:47,3,0,28
BRDA:47,3,1,17
BRDA:47,4,0,17
BRDA:47,4,1,0
BRDA:48,5,0,28
BRDA:48,5,1,23
BRDA:49,6,0,28
BRDA:49,6,1,28
BRDA:50,7,0,28
BRDA:50,7,1,25
BRDA:52,8,0,19
BRDA:52,8,1,9
BRDA:54,9,0,7
BRDA:54,9,1,2
BRDA:66,10,0,3
BRDA:66,11,0,14
BRDA:66,11,1,12
BRDA:66,11,2,11
BRDA:66,11,3,11
BRDA:71,12,0,11
BRDA:71,12,1,11
BRDA:95,13,0,11
BRDA:103,14,0,8
BRDA:104,15,0,8
BRDA:104,15,1,1
BRDA:104,15,2,0
BRDA:105,16,0,8
BRDA:105,16,1,0
BRDA:106,17,0,8
BRDA:106,17,1,0
BRDA:106,17,2,0
BRDA:130,18,0,1
BRF:40
BRH:35
end_of_record
TN:
SF:src\decimals\index.ts
FN:14,convert6to7
FN:30,convert7to6
FNF:2
FNH:2
FNDA:11,convert6to7
FNDA:5,convert7to6
DA:1,6
DA:14,6
DA:15,11
DA:16,2
DA:19,9
DA:20,9
DA:30,6
DA:31,5
DA:32,2
DA:35,3
DA:36,3
DA:38,3
LF:12
LH:12
BRDA:15,0,0,2
BRDA:31,1,0,2
BRF:2
BRH:2
end_of_record
TN:
SF:src\domains\index.ts
FN:45,isSupportedDomain
FN:52,assertSupportedDomain
FN:62,getDomainMeta
FNF:3
FNH:3
FNDA:23,isSupportedDomain
FNDA:22,assertSupportedDomain
FNDA:3,getDomainMeta
DA:1,6
DA:13,6
DA:45,6
DA:46,23
DA:52,6
DA:53,22
DA:54,4
DA:56,18
DA:62,6
DA:63,3
LF:10
LH:10
BRDA:53,0,0,4
BRF:1
BRH:1
end_of_record
TN:
SF:src\errors\index.ts
FN:8,(anonymous_0)
FN:21,(anonymous_1)
FN:33,(anonymous_2)
FN:45,(anonymous_3)
FN:57,(anonymous_4)
FN:69,(anonymous_5)
FN:81,(anonymous_6)
FN:93,(anonymous_7)
FNF:8
FNH:8
FNDA:32,(anonymous_0)
FNDA:5,(anonymous_1)
FNDA:10,(anonymous_2)
FNDA:2,(anonymous_3)
FNDA:2,(anonymous_4)
FNDA:3,(anonymous_5)
FNDA:5,(anonymous_6)
FNDA:3,(anonymous_7)
DA:4,10
DA:9,32
DA:10,32
DA:17,10
DA:18,5
DA:19,5
DA:21,5
DA:22,5
DA:29,10
DA:30,10
DA:31,10
DA:34,10
DA:41,10
DA:42,2
DA:43,2
DA:45,2
DA:46,2
DA:53,10
DA:54,2
DA:55,2
DA:57,2
DA:58,2
DA:65,10
DA:66,3
DA:67,3
DA:69,3
DA:70,3
DA:77,10
DA:78,5
DA:79,5
DA:81,5
DA:82,5
DA:89,10
DA:90,3
DA:91,3
DA:93,3
DA:94,3
LF:37
LH:37
BRDA:70,0,0,2
BRDA:70,0,1,1
BRDA:82,1,0,4
BRDA:82,1,1,1
BRF:4
BRH:4
end_of_record
TN:
SF:src\events\index.ts
FN:51,createEventEmitter
FN:55,(anonymous_1)
FN:59,(anonymous_2)
FN:63,(anonymous_3)
FN:67,(anonymous_4)
FNF:5
FNH:5
FNDA:21,createEventEmitter
FNDA:11,(anonymous_1)
FNDA:2,(anonymous_2)
FNDA:2,(anonymous_3)
FNDA:16,(anonymous_4)
DA:1,7
DA:51,7
DA:52,21
DA:54,21
DA:56,11
DA:57,11
DA:60,2
DA:61,2
DA:64,2
DA:65,2
DA:68,16
DA:72,21
LF:12
LH:12
BRF:0
BRH:0
end_of_record
TN:
SF:src\forwarder\index.ts
FN:19,translateToStellar
FN:55,submitMint
FNF:2
FNH:2
FNDA:14,translateToStellar
FNDA:10,submitMint
DA:1,7
DA:2,7
DA:19,7
DA:20,14
DA:21,1
DA:24,13
DA:27,13
DA:28,10
DA:31,3
DA:36,3
DA:37,1
DA:40,3
DA:41,1
DA:44,2
DA:45,2
DA:46,0
DA:49,2
DA:55,7
DA:59,10
DA:61,10
DA:71,10
DA:72,9
DA:76,1
DA:77,1
LF:24
LH:23
BRDA:20,0,0,1
BRDA:27,1,0,10
BRDA:31,2,0,2
BRDA:31,2,1,1
BRDA:31,3,0,3
BRDA:31,3,1,1
BRDA:36,4,0,1
BRDA:40,5,0,1
BRDA:40,6,0,3
BRDA:40,6,1,2
BRDA:45,7,0,0
BRDA:67,8,0,10
BRDA:67,8,1,9
BRDA:76,9,0,1
BRDA:76,9,1,0
BRF:15
BRH:13
end_of_record
TN:
SF:src\logger\index.ts
FN:14,sanitizeValue
FN:35,defaultSink
FN:43,createLogger
FN:44,(anonymous_3)
FN:66,(anonymous_4)
FN:67,(anonymous_5)
FN:68,(anonymous_6)
FN:69,(anonymous_7)
FNF:8
FNH:8
FNDA:111,sanitizeValue
FNDA:18,defaultSink
FNDA:32,createLogger
FNDA:43,(anonymous_3)
FNDA:27,(anonymous_4)
FNDA:1,(anonymous_5)
FNDA:3,(anonymous_6)
FNDA:12,(anonymous_7)
DA:12,9
DA:15,111
DA:16,2
DA:18,109
DA:19,3
DA:20,1
DA:22,2
DA:23,2
DA:24,4
DA:25,2
DA:27,2
DA:30,2
DA:32,106
DA:36,18
DA:43,9
DA:44,32
DA:45,43
DA:52,43
DA:53,41
DA:54,115
DA:55,9
DA:57,106
DA:62,43
DA:65,32
DA:66,27
DA:67,1
DA:68,3
DA:69,12
LF:28
LH:28
BRDA:15,0,0,2
BRDA:15,1,0,111
BRDA:15,1,1,110
BRDA:18,2,0,3
BRDA:19,3,0,1
BRDA:24,4,0,2
BRDA:24,4,1,2
BRDA:43,5,0,18
BRDA:52,6,0,41
BRDA:54,7,0,9
BRDA:54,7,1,106
BRF:11
BRH:11
end_of_record
TN:
SF:src\replay\index.ts
FN:20,(anonymous_0)
FN:24,(anonymous_1)
FN:28,(anonymous_2)
FN:39,(anonymous_3)
FN:43,(anonymous_4)
FN:47,(anonymous_5)
FN:51,(anonymous_6)
FNF:7
FNH:7
FNDA:13,(anonymous_0)
FNDA:8,(anonymous_1)
FNDA:2,(anonymous_2)
FNDA:20,(anonymous_3)
FNDA:15,(anonymous_4)
FNDA:9,(anonymous_5)
FNDA:2,(anonymous_6)
DA:18,19
DA:21,13
DA:25,8
DA:29,2
DA:36,7
DA:40,20
DA:44,15
DA:48,9
DA:52,2
LF:9
LH:9
BRDA:29,0,0,2
BRDA:29,0,1,1
BRDA:40,1,0,20
BRDA:40,1,1,19
BRF:4
BRH:4
end_of_record
TN:
SF:src\trustline\index.ts
FN:16,ensureTrustline
FNF:1
FNH:1
FNDA:14,ensureTrustline
DA:1,7
DA:16,7
DA:19,14
DA:20,14
DA:21,7
DA:24,7
DA:25,1
DA:28,6
DA:29,6
DA:30,1
DA:36,5
DA:37,1
DA:43,4
DA:44,4
DA:52,4
DA:53,3
DA:55,1
DA:56,1
LF:18
LH:18
BRDA:20,0,0,7
BRDA:24,1,0,1
BRDA:28,2,0,6
BRDA:28,2,1,5
BRDA:29,3,0,1
BRDA:29,4,0,6
BRDA:29,4,1,3
BRDA:36,5,0,1
BRDA:48,6,0,4
BRDA:48,6,1,2
BRDA:55,7,0,1
BRDA:55,7,1,0
BRF:12
BRH:11
end_of_record
