TN:
SF:src\decimals\index.ts
FN:14,convert6to7
FN:30,convert7to6
FNF:2
FNH:2
FNDA:4,convert6to7
FNDA:5,convert7to6
DA:1,3
DA:14,3
DA:15,4
DA:16,2
DA:19,2
DA:20,2
DA:30,3
DA:31,5
DA:32,2
DA:35,3
DA:36,3
DA:38,3
LF:12
LH:12
BRDA:15,0,0,2
BRDA:31,1,0,2
BRF:2
BRH:2
end_of_record
TN:
SF:src\domains\index.ts
FN:27,isSupportedDomain
FN:34,assertSupportedDomain
FNF:2
FNH:2
FNDA:5,isSupportedDomain
FNDA:2,assertSupportedDomain
DA:1,3
DA:13,3
DA:27,3
DA:28,5
DA:34,3
DA:35,2
DA:36,1
DA:38,1
LF:8
LH:8
BRDA:35,0,0,1
BRF:1
BRH:1
end_of_record
TN:
SF:src\errors\index.ts
FN:8,(anonymous_0)
FN:21,(anonymous_1)
FN:33,(anonymous_2)
FN:45,(anonymous_3)
FN:57,(anonymous_4)
FNF:5
FNH:5
FNDA:9,(anonymous_0)
FNDA:2,(anonymous_1)
FNDA:5,(anonymous_2)
FNDA:1,(anonymous_3)
FNDA:1,(anonymous_4)
DA:4,3
DA:9,9
DA:10,9
DA:17,3
DA:18,2
DA:19,2
DA:21,2
DA:22,2
DA:29,3
DA:30,5
DA:31,5
DA:34,5
DA:41,3
DA:42,1
DA:43,1
DA:45,1
DA:46,1
DA:53,3
DA:54,1
DA:55,1
DA:57,1
DA:58,1
LF:22
LH:22
BRF:0
BRH:0
end_of_record
